\BOOKMARK [1][-]{section.1}{Introduction}{}% 1
\BOOKMARK [1][-]{section.2}{Statistical Analysis}{}% 2
\BOOKMARK [2][-]{subsection.2.1}{Statistical Research Topics}{section.2}% 3
\BOOKMARK [3][-]{subsubsection.2.1.1}{Descriptive Statistics}{subsection.2.1}% 4
\BOOKMARK [3][-]{subsubsection.2.1.2}{Probability Concepts}{subsection.2.1}% 5
\BOOKMARK [3][-]{subsubsection.2.1.3}{Interval testing}{subsection.2.1}% 6
\BOOKMARK [3][-]{subsubsection.2.1.4}{Group comparisons}{subsection.2.1}% 7
\BOOKMARK [2][-]{subsection.2.2}{Statistical Programs}{section.2}% 8
\BOOKMARK [3][-]{subsubsection.2.2.1}{SAS}{subsection.2.2}% 9
\BOOKMARK [3][-]{subsubsection.2.2.2}{SPSS}{subsection.2.2}% 10
\BOOKMARK [3][-]{subsubsection.2.2.3}{R}{subsection.2.2}% 11
\BOOKMARK [3][-]{subsubsection.2.2.4}{Python}{subsection.2.2}% 12
\BOOKMARK [3][-]{subsubsection.2.2.5}{MATLAB}{subsection.2.2}% 13
\BOOKMARK [3][-]{subsubsection.2.2.6}{Comparisons programs}{subsection.2.2}% 14
\BOOKMARK [3][-]{subsubsection.2.2.7}{Personal comparisons}{subsection.2.2}% 15
\BOOKMARK [1][-]{section.3}{Deep Learning}{}% 16
\BOOKMARK [2][-]{subsection.3.1}{Basic Machine Learning}{section.3}% 17
\BOOKMARK [3][-]{subsubsection.3.1.1}{Tasks}{subsection.3.1}% 18
\BOOKMARK [3][-]{subsubsection.3.1.2}{Performance Measurement}{subsection.3.1}% 19
\BOOKMARK [3][-]{subsubsection.3.1.3}{Experience}{subsection.3.1}% 20
\BOOKMARK [3][-]{subsubsection.3.1.4}{Challenges}{subsection.3.1}% 21
\BOOKMARK [2][-]{subsection.3.2}{Neural Networks}{section.3}% 22
\BOOKMARK [3][-]{subsubsection.3.2.1}{Convolutional Neural Networks}{subsection.3.2}% 23
\BOOKMARK [2][-]{subsection.3.3}{Deep Learning Frameworks}{section.3}% 24
\BOOKMARK [3][-]{subsubsection.3.3.1}{Skikit-learn Python}{subsection.3.3}% 25
\BOOKMARK [3][-]{subsubsection.3.3.2}{Theano}{subsection.3.3}% 26
\BOOKMARK [3][-]{subsubsection.3.3.3}{TensorFlow}{subsection.3.3}% 27
\BOOKMARK [3][-]{subsubsection.3.3.4}{Caffe}{subsection.3.3}% 28
\BOOKMARK [3][-]{subsubsection.3.3.5}{Torch}{subsection.3.3}% 29
\BOOKMARK [3][-]{subsubsection.3.3.6}{Comparing Frameworks}{subsection.3.3}% 30
