\BOOKMARK [0][-]{chapter.1}{Abstract}{}% 1
\BOOKMARK [0][-]{chapter.2}{Introduction}{}% 2
\BOOKMARK [1][-]{section.2.1}{Introduction}{chapter.2}% 3
\BOOKMARK [1][-]{section.2.2}{Problem Statement}{chapter.2}% 4
\BOOKMARK [1][-]{section.2.3}{Approach}{chapter.2}% 5
\BOOKMARK [0][-]{chapter.3}{Preliminaries}{}% 6
\BOOKMARK [1][-]{section.3.1}{Datasets}{chapter.3}% 7
\BOOKMARK [2][-]{subsection.3.1.1}{Micro-array Datasets}{section.3.1}% 8
\BOOKMARK [2][-]{subsection.3.1.2}{Mass Spectrometry Datasets}{section.3.1}% 9
\BOOKMARK [2][-]{subsection.3.1.3}{Clinical Datasets}{section.3.1}% 10
\BOOKMARK [2][-]{subsection.3.1.4}{Survey Datasets}{section.3.1}% 11
\BOOKMARK [2][-]{subsection.3.1.5}{Data Symbols}{section.3.1}% 12
\BOOKMARK [1][-]{section.3.2}{Software}{chapter.3}% 13
\BOOKMARK [1][-]{section.3.3}{Concepts}{chapter.3}% 14
\BOOKMARK [0][-]{chapter.4}{Feature Selection}{}% 15
\BOOKMARK [1][-]{section.4.1}{Introduction}{chapter.4}% 16
\BOOKMARK [1][-]{section.4.2}{Background}{chapter.4}% 17
\BOOKMARK [2][-]{subsection.4.2.1}{Datasets}{section.4.2}% 18
\BOOKMARK [2][-]{subsection.4.2.2}{Feature Selection Methods}{section.4.2}% 19
\BOOKMARK [2][-]{subsection.4.2.3}{Automated Machine Learning}{section.4.2}% 20
\BOOKMARK [1][-]{section.4.3}{Hypotheses}{chapter.4}% 21
\BOOKMARK [1][-]{section.4.4}{Methods}{chapter.4}% 22
\BOOKMARK [2][-]{subsection.4.4.1}{Feature Selection Quality}{section.4.4}% 23
\BOOKMARK [2][-]{subsection.4.4.2}{Feature Selection Exploration}{section.4.4}% 24
\BOOKMARK [2][-]{subsection.4.4.3}{Feature Selection Algorithms Evaluation}{section.4.4}% 25
\BOOKMARK [2][-]{subsection.4.4.4}{TPOT Feature selection integration}{section.4.4}% 26
\BOOKMARK [1][-]{section.4.5}{Results}{chapter.4}% 27
\BOOKMARK [2][-]{subsection.4.5.1}{Feature Selection Exploration Results}{section.4.5}% 28
\BOOKMARK [2][-]{subsection.4.5.2}{Feature Selection Algorithms Evaluation Results}{section.4.5}% 29
\BOOKMARK [2][-]{subsection.4.5.3}{TPOT Feature Selection Integration Results}{section.4.5}% 30
\BOOKMARK [1][-]{section.4.6}{Discussion}{chapter.4}% 31
\BOOKMARK [1][-]{section.4.7}{Conclusions}{chapter.4}% 32
\BOOKMARK [0][-]{chapter.5}{Missing Value Handling}{}% 33
\BOOKMARK [1][-]{section.5.1}{Introduction}{chapter.5}% 34
\BOOKMARK [1][-]{section.5.2}{Background}{chapter.5}% 35
\BOOKMARK [2][-]{subsection.5.2.1}{Datasets}{section.5.2}% 36
\BOOKMARK [2][-]{subsection.5.2.2}{Missing Value Handling}{section.5.2}% 37
\BOOKMARK [1][-]{section.5.3}{Hypotheses}{chapter.5}% 38
\BOOKMARK [1][-]{section.5.4}{Methods}{chapter.5}% 39
\BOOKMARK [2][-]{subsection.5.4.1}{Bias Evaluation}{section.5.4}% 40
\BOOKMARK [2][-]{subsection.5.4.2}{Quality Evaluation}{section.5.4}% 41
\BOOKMARK [1][-]{section.5.5}{Results}{chapter.5}% 42
\BOOKMARK [2][-]{subsection.5.5.1}{Bias Evaluation Results}{section.5.5}% 43
\BOOKMARK [2][-]{subsection.5.5.2}{Quality Evaluation}{section.5.5}% 44
\BOOKMARK [1][-]{section.5.6}{Discussion}{chapter.5}% 45
\BOOKMARK [1][-]{section.5.7}{Conclusions}{chapter.5}% 46
\BOOKMARK [0][-]{chapter.6}{Dataset Exploration}{}% 47
\BOOKMARK [1][-]{section.6.1}{Introduction}{chapter.6}% 48
\BOOKMARK [1][-]{section.6.2}{Background}{chapter.6}% 49
\BOOKMARK [2][-]{subsection.6.2.1}{Datasets}{section.6.2}% 50
\BOOKMARK [2][-]{subsection.6.2.2}{Preprocessing and Analysis}{section.6.2}% 51
\BOOKMARK [2][-]{subsection.6.2.3}{Meta-features Package}{section.6.2}% 52
\BOOKMARK [1][-]{section.6.3}{Hypotheses}{chapter.6}% 53
\BOOKMARK [1][-]{section.6.4}{Methods}{chapter.6}% 54
\BOOKMARK [2][-]{subsection.6.4.1}{Existing Meta-features Evaluation}{section.6.4}% 55
\BOOKMARK [2][-]{subsection.6.4.2}{Additional Exploration Evaluation}{section.6.4}% 56
\BOOKMARK [1][-]{section.6.5}{Results}{chapter.6}% 57
\BOOKMARK [2][-]{subsection.6.5.1}{Existing Meta-features Evaluation}{section.6.5}% 58
\BOOKMARK [2][-]{subsection.6.5.2}{Additional Exploration Evaluation}{section.6.5}% 59
\BOOKMARK [1][-]{section.6.6}{Discussion}{chapter.6}% 60
\BOOKMARK [1][-]{section.6.7}{Conclusions}{chapter.6}% 61
\BOOKMARK [0][-]{chapter.7}{Framework Overview}{}% 62
\BOOKMARK [1][-]{section.7.1}{Introduction}{chapter.7}% 63
\BOOKMARK [1][-]{section.7.2}{Dataset type}{chapter.7}% 64
\BOOKMARK [1][-]{section.7.3}{Dataset Exploration}{chapter.7}% 65
\BOOKMARK [1][-]{section.7.4}{Preprocessing}{chapter.7}% 66
\BOOKMARK [1][-]{section.7.5}{Automated Analysis}{chapter.7}% 67
\BOOKMARK [0][-]{chapter.8}{Conclusions}{}% 68
\BOOKMARK [1][-]{section.8.1}{Future Work}{chapter.8}% 69
\BOOKMARK [0][-]{appendix.A}{Abbreviations}{}% 70
\BOOKMARK [0][-]{appendix.B}{Biomedical Data Analysis}{}% 71
\BOOKMARK [1][-]{section.B.1}{Introduction}{appendix.B}% 72
\BOOKMARK [1][-]{section.B.2}{Statistical Analysis}{appendix.B}% 73
\BOOKMARK [2][-]{subsection.B.2.1}{Statistical Research Topics}{section.B.2}% 74
\BOOKMARK [2][-]{subsection.B.2.2}{Statistical Programs}{section.B.2}% 75
\BOOKMARK [1][-]{section.B.3}{Deep Learning}{appendix.B}% 76
\BOOKMARK [2][-]{subsection.B.3.1}{Basic Machine Learning}{section.B.3}% 77
\BOOKMARK [2][-]{subsection.B.3.2}{Neural Networks}{section.B.3}% 78
\BOOKMARK [2][-]{subsection.B.3.3}{Deep Learning Frameworks}{section.B.3}% 79
\BOOKMARK [0][-]{appendix.C}{Case Study 1 - Bariatric Co-morbidities}{}% 80
\BOOKMARK [1][-]{section.C.1}{Introduction}{appendix.C}% 81
\BOOKMARK [2][-]{subsection.C.1.1}{Data Sets}{section.C.1}% 82
\BOOKMARK [2][-]{subsection.C.1.2}{Co-morbidity Marker Relation}{section.C.1}% 83
\BOOKMARK [1][-]{section.C.2}{First Proposal}{appendix.C}% 84
\BOOKMARK [2][-]{subsection.C.2.1}{Research Questions}{section.C.2}% 85
\BOOKMARK [2][-]{subsection.C.2.2}{Hypothesis}{section.C.2}% 86
\BOOKMARK [2][-]{subsection.C.2.3}{Methods}{section.C.2}% 87
\BOOKMARK [1][-]{section.C.3}{Original research}{appendix.C}% 88
\BOOKMARK [2][-]{subsection.C.3.1}{Preprocessing}{section.C.3}% 89
\BOOKMARK [2][-]{subsection.C.3.2}{Modelling}{section.C.3}% 90
\BOOKMARK [1][-]{section.C.4}{Proposal Comparisons}{appendix.C}% 91
\BOOKMARK [2][-]{subsection.C.4.1}{Data Omission}{section.C.4}% 92
\BOOKMARK [2][-]{subsection.C.4.2}{Scoring System}{section.C.4}% 93
\BOOKMARK [2][-]{subsection.C.4.3}{Modelling Tools}{section.C.4}% 94
\BOOKMARK [1][-]{section.C.5}{Final Proposal}{appendix.C}% 95
\BOOKMARK [2][-]{subsection.C.5.1}{Research Questions}{section.C.5}% 96
\BOOKMARK [2][-]{subsection.C.5.2}{Hypotheses}{section.C.5}% 97
\BOOKMARK [2][-]{subsection.C.5.3}{Methods}{section.C.5}% 98
\BOOKMARK [0][-]{appendix.D}{Case Study 2 - Skin Diseases}{}% 99
\BOOKMARK [1][-]{section.D.1}{Introduction}{appendix.D}% 100
\BOOKMARK [1][-]{section.D.2}{Skin Diseases Datasets}{appendix.D}% 101
\BOOKMARK [2][-]{subsection.D.2.1}{Additional Data}{section.D.2}% 102
\BOOKMARK [1][-]{section.D.3}{Methods}{appendix.D}% 103
\BOOKMARK [2][-]{subsection.D.3.1}{Feature Reduction}{section.D.3}% 104
\BOOKMARK [2][-]{subsection.D.3.2}{Clustering}{section.D.3}% 105
\BOOKMARK [2][-]{subsection.D.3.3}{Psoriasis Versus Atopic Dermatitis}{section.D.3}% 106
\BOOKMARK [1][-]{section.D.4}{Results}{appendix.D}% 107
\BOOKMARK [2][-]{subsection.D.4.1}{Feature Reduction}{section.D.4}% 108
\BOOKMARK [2][-]{subsection.D.4.2}{Clustering}{section.D.4}% 109
\BOOKMARK [2][-]{subsection.D.4.3}{Psoriasis Versus Atopic Dermatitis}{section.D.4}% 110
\BOOKMARK [1][-]{section.D.5}{Discussion}{appendix.D}% 111
\BOOKMARK [1][-]{section.D.6}{Conclusion for Framework}{appendix.D}% 112
\BOOKMARK [1][-]{section.D.7}{Appendix: Biomedical relation graphs}{appendix.D}% 113
\BOOKMARK [1][-]{section.D.8}{Appendix: Cluster Gene Specifications}{appendix.D}% 114
\BOOKMARK [0][-]{appendix.E}{Feature Selection Results}{}% 115
\BOOKMARK [1][-]{section.E.1}{Feature Selection Exploration Plots}{appendix.E}% 116
\BOOKMARK [1][-]{section.E.2}{Feature Selection Exploration Precision And Recall}{appendix.E}% 117
\BOOKMARK [1][-]{section.E.3}{Feature Selection Evaluation Plots}{appendix.E}% 118
\BOOKMARK [0][-]{appendix.F}{Missing Value Handling Results}{}% 119
\BOOKMARK [1][-]{section.F.1}{Feature Distribution Tables}{appendix.F}% 120
\BOOKMARK [1][-]{section.F.2}{Classification Plots}{appendix.F}% 121
\BOOKMARK [0][-]{appendix.G}{Dataset Exploration Meta-features}{}% 122
\BOOKMARK [1][-]{section.G.1}{Meta-features}{appendix.G}% 123
\BOOKMARK [2][-]{subsection.G.1.1}{Basic Meta-features}{section.G.1}% 124
\BOOKMARK [2][-]{subsection.G.1.2}{Statistical Meta-features}{section.G.1}% 125
\BOOKMARK [2][-]{subsection.G.1.3}{Information-theoretic Meta-features}{section.G.1}% 126
\BOOKMARK [2][-]{subsection.G.1.4}{Landmarking Meta-features}{section.G.1}% 127
\BOOKMARK [1][-]{section.G.2}{Meta-feature Values Hepatitis}{appendix.G}% 128
\BOOKMARK [1][-]{section.G.3}{Meta-feature Values Micro-Organisms}{appendix.G}% 129
