This is pdfTeX, Version 3.14159265-2.6-1.40.18 (MiKTeX 2.9.6400 64-bit) (preloaded format=pdflatex 2017.11.1)  16 OCT 2018 17:08
entering extended mode
**./FinalThesis.tex
(FinalThesis.tex
LaTeX2e <2017-04-15>
Babel <3.12> and hyphenation patterns for 75 language(s) loaded.
("C:\Program Files\MiKTeX 2.9\tex\latex\base\report.cls"
Document Class: report 2014/09/29 v1.4h Standard LaTeX document class
("C:\Program Files\MiKTeX 2.9\tex\latex\base\size10.clo"
File: size10.clo 2014/09/29 v1.4h Standard LaTeX file (size option)
)
\c@part=\count79
\c@chapter=\count80
\c@section=\count81
\c@subsection=\count82
\c@subsubsection=\count83
\c@paragraph=\count84
\c@subparagraph=\count85
\c@figure=\count86
\c@table=\count87
\abovecaptionskip=\skip41
\belowcaptionskip=\skip42
\bibindent=\dimen102
)
("C:\Program Files\MiKTeX 2.9\tex\latex\base\inputenc.sty"
Package: inputenc 2015/03/17 v1.2c Input encoding file
\inpenc@prehook=\toks14
\inpenc@posthook=\toks15

("C:\Program Files\MiKTeX 2.9\tex\latex\base\utf8.def"
File: utf8.def 2017/01/28 v1.1t UTF-8 support for inputenc
Now handling font encoding OML ...
... no UTF-8 mapping file for font encoding OML
Now handling font encoding T1 ...
... processing UTF-8 mapping file for font encoding T1

("C:\Program Files\MiKTeX 2.9\tex\latex\base\t1enc.dfu"
File: t1enc.dfu 2017/01/28 v1.1t UTF-8 support for inputenc
   defining Unicode char U+00A0 (decimal 160)
   defining Unicode char U+00A1 (decimal 161)
   defining Unicode char U+00A3 (decimal 163)
   defining Unicode char U+00AB (decimal 171)
   defining Unicode char U+00AD (decimal 173)
   defining Unicode char U+00BB (decimal 187)
   defining Unicode char U+00BF (decimal 191)
   defining Unicode char U+00C0 (decimal 192)
   defining Unicode char U+00C1 (decimal 193)
   defining Unicode char U+00C2 (decimal 194)
   defining Unicode char U+00C3 (decimal 195)
   defining Unicode char U+00C4 (decimal 196)
   defining Unicode char U+00C5 (decimal 197)
   defining Unicode char U+00C6 (decimal 198)
   defining Unicode char U+00C7 (decimal 199)
   defining Unicode char U+00C8 (decimal 200)
   defining Unicode char U+00C9 (decimal 201)
   defining Unicode char U+00CA (decimal 202)
   defining Unicode char U+00CB (decimal 203)
   defining Unicode char U+00CC (decimal 204)
   defining Unicode char U+00CD (decimal 205)
   defining Unicode char U+00CE (decimal 206)
   defining Unicode char U+00CF (decimal 207)
   defining Unicode char U+00D0 (decimal 208)
   defining Unicode char U+00D1 (decimal 209)
   defining Unicode char U+00D2 (decimal 210)
   defining Unicode char U+00D3 (decimal 211)
   defining Unicode char U+00D4 (decimal 212)
   defining Unicode char U+00D5 (decimal 213)
   defining Unicode char U+00D6 (decimal 214)
   defining Unicode char U+00D8 (decimal 216)
   defining Unicode char U+00D9 (decimal 217)
   defining Unicode char U+00DA (decimal 218)
   defining Unicode char U+00DB (decimal 219)
   defining Unicode char U+00DC (decimal 220)
   defining Unicode char U+00DD (decimal 221)
   defining Unicode char U+00DE (decimal 222)
   defining Unicode char U+00DF (decimal 223)
   defining Unicode char U+00E0 (decimal 224)
   defining Unicode char U+00E1 (decimal 225)
   defining Unicode char U+00E2 (decimal 226)
   defining Unicode char U+00E3 (decimal 227)
   defining Unicode char U+00E4 (decimal 228)
   defining Unicode char U+00E5 (decimal 229)
   defining Unicode char U+00E6 (decimal 230)
   defining Unicode char U+00E7 (decimal 231)
   defining Unicode char U+00E8 (decimal 232)
   defining Unicode char U+00E9 (decimal 233)
   defining Unicode char U+00EA (decimal 234)
   defining Unicode char U+00EB (decimal 235)
   defining Unicode char U+00EC (decimal 236)
   defining Unicode char U+00ED (decimal 237)
   defining Unicode char U+00EE (decimal 238)
   defining Unicode char U+00EF (decimal 239)
   defining Unicode char U+00F0 (decimal 240)
   defining Unicode char U+00F1 (decimal 241)
   defining Unicode char U+00F2 (decimal 242)
   defining Unicode char U+00F3 (decimal 243)
   defining Unicode char U+00F4 (decimal 244)
   defining Unicode char U+00F5 (decimal 245)
   defining Unicode char U+00F6 (decimal 246)
   defining Unicode char U+00F8 (decimal 248)
   defining Unicode char U+00F9 (decimal 249)
   defining Unicode char U+00FA (decimal 250)
   defining Unicode char U+00FB (decimal 251)
   defining Unicode char U+00FC (decimal 252)
   defining Unicode char U+00FD (decimal 253)
   defining Unicode char U+00FE (decimal 254)
   defining Unicode char U+00FF (decimal 255)
   defining Unicode char U+0100 (decimal 256)
   defining Unicode char U+0101 (decimal 257)
   defining Unicode char U+0102 (decimal 258)
   defining Unicode char U+0103 (decimal 259)
   defining Unicode char U+0104 (decimal 260)
   defining Unicode char U+0105 (decimal 261)
   defining Unicode char U+0106 (decimal 262)
   defining Unicode char U+0107 (decimal 263)
   defining Unicode char U+0108 (decimal 264)
   defining Unicode char U+0109 (decimal 265)
   defining Unicode char U+010A (decimal 266)
   defining Unicode char U+010B (decimal 267)
   defining Unicode char U+010C (decimal 268)
   defining Unicode char U+010D (decimal 269)
   defining Unicode char U+010E (decimal 270)
   defining Unicode char U+010F (decimal 271)
   defining Unicode char U+0110 (decimal 272)
   defining Unicode char U+0111 (decimal 273)
   defining Unicode char U+0112 (decimal 274)
   defining Unicode char U+0113 (decimal 275)
   defining Unicode char U+0114 (decimal 276)
   defining Unicode char U+0115 (decimal 277)
   defining Unicode char U+0116 (decimal 278)
   defining Unicode char U+0117 (decimal 279)
   defining Unicode char U+0118 (decimal 280)
   defining Unicode char U+0119 (decimal 281)
   defining Unicode char U+011A (decimal 282)
   defining Unicode char U+011B (decimal 283)
   defining Unicode char U+011C (decimal 284)
   defining Unicode char U+011D (decimal 285)
   defining Unicode char U+011E (decimal 286)
   defining Unicode char U+011F (decimal 287)
   defining Unicode char U+0120 (decimal 288)
   defining Unicode char U+0121 (decimal 289)
   defining Unicode char U+0122 (decimal 290)
   defining Unicode char U+0123 (decimal 291)
   defining Unicode char U+0124 (decimal 292)
   defining Unicode char U+0125 (decimal 293)
   defining Unicode char U+0128 (decimal 296)
   defining Unicode char U+0129 (decimal 297)
   defining Unicode char U+012A (decimal 298)
   defining Unicode char U+012B (decimal 299)
   defining Unicode char U+012C (decimal 300)
   defining Unicode char U+012D (decimal 301)
   defining Unicode char U+012E (decimal 302)
   defining Unicode char U+012F (decimal 303)
   defining Unicode char U+0130 (decimal 304)
   defining Unicode char U+0131 (decimal 305)
   defining Unicode char U+0132 (decimal 306)
   defining Unicode char U+0133 (decimal 307)
   defining Unicode char U+0134 (decimal 308)
   defining Unicode char U+0135 (decimal 309)
   defining Unicode char U+0136 (decimal 310)
   defining Unicode char U+0137 (decimal 311)
   defining Unicode char U+0139 (decimal 313)
   defining Unicode char U+013A (decimal 314)
   defining Unicode char U+013B (decimal 315)
   defining Unicode char U+013C (decimal 316)
   defining Unicode char U+013D (decimal 317)
   defining Unicode char U+013E (decimal 318)
   defining Unicode char U+0141 (decimal 321)
   defining Unicode char U+0142 (decimal 322)
   defining Unicode char U+0143 (decimal 323)
   defining Unicode char U+0144 (decimal 324)
   defining Unicode char U+0145 (decimal 325)
   defining Unicode char U+0146 (decimal 326)
   defining Unicode char U+0147 (decimal 327)
   defining Unicode char U+0148 (decimal 328)
   defining Unicode char U+014A (decimal 330)
   defining Unicode char U+014B (decimal 331)
   defining Unicode char U+014C (decimal 332)
   defining Unicode char U+014D (decimal 333)
   defining Unicode char U+014E (decimal 334)
   defining Unicode char U+014F (decimal 335)
   defining Unicode char U+0150 (decimal 336)
   defining Unicode char U+0151 (decimal 337)
   defining Unicode char U+0152 (decimal 338)
   defining Unicode char U+0153 (decimal 339)
   defining Unicode char U+0154 (decimal 340)
   defining Unicode char U+0155 (decimal 341)
   defining Unicode char U+0156 (decimal 342)
   defining Unicode char U+0157 (decimal 343)
   defining Unicode char U+0158 (decimal 344)
   defining Unicode char U+0159 (decimal 345)
   defining Unicode char U+015A (decimal 346)
   defining Unicode char U+015B (decimal 347)
   defining Unicode char U+015C (decimal 348)
   defining Unicode char U+015D (decimal 349)
   defining Unicode char U+015E (decimal 350)
   defining Unicode char U+015F (decimal 351)
   defining Unicode char U+0160 (decimal 352)
   defining Unicode char U+0161 (decimal 353)
   defining Unicode char U+0162 (decimal 354)
   defining Unicode char U+0163 (decimal 355)
   defining Unicode char U+0164 (decimal 356)
   defining Unicode char U+0165 (decimal 357)
   defining Unicode char U+0168 (decimal 360)
   defining Unicode char U+0169 (decimal 361)
   defining Unicode char U+016A (decimal 362)
   defining Unicode char U+016B (decimal 363)
   defining Unicode char U+016C (decimal 364)
   defining Unicode char U+016D (decimal 365)
   defining Unicode char U+016E (decimal 366)
   defining Unicode char U+016F (decimal 367)
   defining Unicode char U+0170 (decimal 368)
   defining Unicode char U+0171 (decimal 369)
   defining Unicode char U+0172 (decimal 370)
   defining Unicode char U+0173 (decimal 371)
   defining Unicode char U+0174 (decimal 372)
   defining Unicode char U+0175 (decimal 373)
   defining Unicode char U+0176 (decimal 374)
   defining Unicode char U+0177 (decimal 375)
   defining Unicode char U+0178 (decimal 376)
   defining Unicode char U+0179 (decimal 377)
   defining Unicode char U+017A (decimal 378)
   defining Unicode char U+017B (decimal 379)
   defining Unicode char U+017C (decimal 380)
   defining Unicode char U+017D (decimal 381)
   defining Unicode char U+017E (decimal 382)
   defining Unicode char U+01CD (decimal 461)
   defining Unicode char U+01CE (decimal 462)
   defining Unicode char U+01CF (decimal 463)
   defining Unicode char U+01D0 (decimal 464)
   defining Unicode char U+01D1 (decimal 465)
   defining Unicode char U+01D2 (decimal 466)
   defining Unicode char U+01D3 (decimal 467)
   defining Unicode char U+01D4 (decimal 468)
   defining Unicode char U+01E2 (decimal 482)
   defining Unicode char U+01E3 (decimal 483)
   defining Unicode char U+01E6 (decimal 486)
   defining Unicode char U+01E7 (decimal 487)
   defining Unicode char U+01E8 (decimal 488)
   defining Unicode char U+01E9 (decimal 489)
   defining Unicode char U+01EA (decimal 490)
   defining Unicode char U+01EB (decimal 491)
   defining Unicode char U+01F0 (decimal 496)
   defining Unicode char U+01F4 (decimal 500)
   defining Unicode char U+01F5 (decimal 501)
   defining Unicode char U+0218 (decimal 536)
   defining Unicode char U+0219 (decimal 537)
   defining Unicode char U+021A (decimal 538)
   defining Unicode char U+021B (decimal 539)
   defining Unicode char U+0232 (decimal 562)
   defining Unicode char U+0233 (decimal 563)
   defining Unicode char U+1E02 (decimal 7682)
   defining Unicode char U+1E03 (decimal 7683)
   defining Unicode char U+200C (decimal 8204)
   defining Unicode char U+2010 (decimal 8208)
   defining Unicode char U+2011 (decimal 8209)
   defining Unicode char U+2012 (decimal 8210)
   defining Unicode char U+2013 (decimal 8211)
   defining Unicode char U+2014 (decimal 8212)
   defining Unicode char U+2015 (decimal 8213)
   defining Unicode char U+2018 (decimal 8216)
   defining Unicode char U+2019 (decimal 8217)
   defining Unicode char U+201A (decimal 8218)
   defining Unicode char U+201C (decimal 8220)
   defining Unicode char U+201D (decimal 8221)
   defining Unicode char U+201E (decimal 8222)
   defining Unicode char U+2030 (decimal 8240)
   defining Unicode char U+2031 (decimal 8241)
   defining Unicode char U+2039 (decimal 8249)
   defining Unicode char U+203A (decimal 8250)
   defining Unicode char U+2423 (decimal 9251)
   defining Unicode char U+1E20 (decimal 7712)
   defining Unicode char U+1E21 (decimal 7713)
)
Now handling font encoding OT1 ...
... processing UTF-8 mapping file for font encoding OT1

("C:\Program Files\MiKTeX 2.9\tex\latex\base\ot1enc.dfu"
File: ot1enc.dfu 2017/01/28 v1.1t UTF-8 support for inputenc
   defining Unicode char U+00A0 (decimal 160)
   defining Unicode char U+00A1 (decimal 161)
   defining Unicode char U+00A3 (decimal 163)
   defining Unicode char U+00AD (decimal 173)
   defining Unicode char U+00B8 (decimal 184)
   defining Unicode char U+00BF (decimal 191)
   defining Unicode char U+00C5 (decimal 197)
   defining Unicode char U+00C6 (decimal 198)
   defining Unicode char U+00D8 (decimal 216)
   defining Unicode char U+00DF (decimal 223)
   defining Unicode char U+00E6 (decimal 230)
   defining Unicode char U+00EC (decimal 236)
   defining Unicode char U+00ED (decimal 237)
   defining Unicode char U+00EE (decimal 238)
   defining Unicode char U+00EF (decimal 239)
   defining Unicode char U+00F8 (decimal 248)
   defining Unicode char U+0131 (decimal 305)
   defining Unicode char U+0141 (decimal 321)
   defining Unicode char U+0142 (decimal 322)
   defining Unicode char U+0152 (decimal 338)
   defining Unicode char U+0153 (decimal 339)
   defining Unicode char U+0174 (decimal 372)
   defining Unicode char U+0175 (decimal 373)
   defining Unicode char U+0176 (decimal 374)
   defining Unicode char U+0177 (decimal 375)
   defining Unicode char U+0218 (decimal 536)
   defining Unicode char U+0219 (decimal 537)
   defining Unicode char U+021A (decimal 538)
   defining Unicode char U+021B (decimal 539)
   defining Unicode char U+2013 (decimal 8211)
   defining Unicode char U+2014 (decimal 8212)
   defining Unicode char U+2018 (decimal 8216)
   defining Unicode char U+2019 (decimal 8217)
   defining Unicode char U+201C (decimal 8220)
   defining Unicode char U+201D (decimal 8221)
)
Now handling font encoding OMS ...
... processing UTF-8 mapping file for font encoding OMS

("C:\Program Files\MiKTeX 2.9\tex\latex\base\omsenc.dfu"
File: omsenc.dfu 2017/01/28 v1.1t UTF-8 support for inputenc
   defining Unicode char U+00A7 (decimal 167)
   defining Unicode char U+00B6 (decimal 182)
   defining Unicode char U+00B7 (decimal 183)
   defining Unicode char U+2020 (decimal 8224)
   defining Unicode char U+2021 (decimal 8225)
   defining Unicode char U+2022 (decimal 8226)
)
Now handling font encoding OMX ...
... no UTF-8 mapping file for font encoding OMX
Now handling font encoding U ...
... no UTF-8 mapping file for font encoding U
   defining Unicode char U+00A9 (decimal 169)
   defining Unicode char U+00AA (decimal 170)
   defining Unicode char U+00AE (decimal 174)
   defining Unicode char U+00BA (decimal 186)
   defining Unicode char U+02C6 (decimal 710)
   defining Unicode char U+02DC (decimal 732)
   defining Unicode char U+200C (decimal 8204)
   defining Unicode char U+2026 (decimal 8230)
   defining Unicode char U+2122 (decimal 8482)
   defining Unicode char U+2423 (decimal 9251)
))
("C:\Program Files\MiKTeX 2.9\tex\latex\amsmath\amsmath.sty"
Package: amsmath 2016/11/05 v2.16a AMS math features
\@mathmargin=\skip43

For additional information on amsmath, use the `?' option.
("C:\Program Files\MiKTeX 2.9\tex\latex\amsmath\amstext.sty"
Package: amstext 2000/06/29 v2.01 AMS text

("C:\Program Files\MiKTeX 2.9\tex\latex\amsmath\amsgen.sty"
File: amsgen.sty 1999/11/30 v2.0 generic functions
\@emptytoks=\toks16
\ex@=\dimen103
))
("C:\Program Files\MiKTeX 2.9\tex\latex\amsmath\amsbsy.sty"
Package: amsbsy 1999/11/29 v1.2d Bold Symbols
\pmbraise@=\dimen104
)
("C:\Program Files\MiKTeX 2.9\tex\latex\amsmath\amsopn.sty"
Package: amsopn 2016/03/08 v2.02 operator names
)
\inf@bad=\count88
LaTeX Info: Redefining \frac on input line 213.
\uproot@=\count89
\leftroot@=\count90
LaTeX Info: Redefining \overline on input line 375.
\classnum@=\count91
\DOTSCASE@=\count92
LaTeX Info: Redefining \ldots on input line 472.
LaTeX Info: Redefining \dots on input line 475.
LaTeX Info: Redefining \cdots on input line 596.
\Mathstrutbox@=\box26
\strutbox@=\box27
\big@size=\dimen105
LaTeX Font Info:    Redeclaring font encoding OML on input line 712.
LaTeX Font Info:    Redeclaring font encoding OMS on input line 713.
\macc@depth=\count93
\c@MaxMatrixCols=\count94
\dotsspace@=\muskip10
\c@parentequation=\count95
\dspbrk@lvl=\count96
\tag@help=\toks17
\row@=\count97
\column@=\count98
\maxfields@=\count99
\andhelp@=\toks18
\eqnshift@=\dimen106
\alignsep@=\dimen107
\tagshift@=\dimen108
\tagwidth@=\dimen109
\totwidth@=\dimen110
\lineht@=\dimen111
\@envbody=\toks19
\multlinegap=\skip44
\multlinetaggap=\skip45
\mathdisplay@stack=\toks20
LaTeX Info: Redefining \[ on input line 2817.
LaTeX Info: Redefining \] on input line 2818.
)
("C:\Program Files\MiKTeX 2.9\tex\latex\amsfonts\amsfonts.sty"
Package: amsfonts 2013/01/14 v3.01 Basic AMSFonts support
\symAMSa=\mathgroup4
\symAMSb=\mathgroup5
LaTeX Font Info:    Overwriting math alphabet `\mathfrak' in version `bold'
(Font)                  U/euf/m/n --> U/euf/b/n on input line 106.
)
("C:\Program Files\MiKTeX 2.9\tex\latex\amsfonts\amssymb.sty"
Package: amssymb 2013/01/14 v3.01 AMS font symbols
)
("C:\Program Files\MiKTeX 2.9\tex\latex\a4wide\a4wide.sty"
Package: a4wide 1994/08/30

("C:\Program Files\MiKTeX 2.9\tex\latex\ntgclass\a4.sty"
Package: a4 2004/04/15 v1.2g A4 based page layout
))
("C:\Program Files\MiKTeX 2.9\tex\generic\babel\babel.sty"
Package: babel 2017/06/29 3.12 The Babel package

("C:\Program Files\MiKTeX 2.9\tex\generic\babel\switch.def"
File: switch.def 2017/06/29 3.12 Babel switching mechanism
)
*************************************
* Local config file bblopts.cfg used
*
("C:\Program Files\MiKTeX 2.9\tex\latex\arabi\bblopts.cfg"
File: bblopts.cfg 2005/09/08 v0.1 add Arabic and Farsi to "declared" options of
 babel
)
("C:\Program Files\MiKTeX 2.9\tex\latex\babel-english\english.ldf"
Language: english 2017/06/06 v3.3r English support from the babel system

("C:\Program Files\MiKTeX 2.9\tex\generic\babel\babel.def"
File: babel.def 2017/06/29 3.12 Babel common definitions

("C:\Program Files\MiKTeX 2.9\tex\generic\babel\switch.def"
File: switch.def 2017/06/29 3.12 Babel switching mechanism
)
\babel@savecnt=\count100
\U@D=\dimen112
)
\l@canadian = a dialect from \language\l@american 
\l@australian = a dialect from \language\l@british 
\l@newzealand = a dialect from \language\l@british 
))
("C:\Program Files\MiKTeX 2.9\tex\latex\eurosym\eurosym.sty"
Package: eurosym 1998/08/06 v1.1 European currency symbol ``Euro''
\@eurobox=\box28
)
("C:\Program Files\MiKTeX 2.9\tex\latex\amscls\amsthm.sty"
Package: amsthm 2015/03/04 v2.20.2
\thm@style=\toks21
\thm@bodyfont=\toks22
\thm@headfont=\toks23
\thm@notefont=\toks24
\thm@headpunct=\toks25
\thm@preskip=\skip46
\thm@postskip=\skip47
\thm@headsep=\skip48
\dth@everypar=\toks26
)
("C:\Program Files\MiKTeX 2.9\tex\latex\fancyhdr\fancyhdr.sty"
Package: fancyhdr 2017/06/30 v3.9a Extensive control of page headers and footer
s
\f@nch@headwidth=\skip49
\f@nch@O@elh=\skip50
\f@nch@O@erh=\skip51
\f@nch@O@olh=\skip52
\f@nch@O@orh=\skip53
\f@nch@O@elf=\skip54
\f@nch@O@erf=\skip55
\f@nch@O@olf=\skip56
\f@nch@O@orf=\skip57
)
("C:\Program Files\MiKTeX 2.9\tex\latex\hyperref\hyperref.sty"
Package: hyperref 2017/03/14 v6.85a Hypertext links for LaTeX

("C:\Program Files\MiKTeX 2.9\tex\generic\oberdiek\hobsub-hyperref.sty"
Package: hobsub-hyperref 2016/05/16 v1.14 Bundle oberdiek, subset hyperref (HO)


("C:\Program Files\MiKTeX 2.9\tex\generic\oberdiek\hobsub-generic.sty"
Package: hobsub-generic 2016/05/16 v1.14 Bundle oberdiek, subset generic (HO)
Package: hobsub 2016/05/16 v1.14 Construct package bundles (HO)
Package: infwarerr 2016/05/16 v1.4 Providing info/warning/error messages (HO)
Package: ltxcmds 2016/05/16 v1.23 LaTeX kernel commands for general use (HO)
Package: ifluatex 2016/05/16 v1.4 Provides the ifluatex switch (HO)
Package ifluatex Info: LuaTeX not detected.
Package: ifvtex 2016/05/16 v1.6 Detect VTeX and its facilities (HO)
Package ifvtex Info: VTeX not detected.
Package: intcalc 2016/05/16 v1.2 Expandable calculations with integers (HO)
Package: ifpdf 2017/03/15 v3.2 Provides the ifpdf switch
Package: etexcmds 2016/05/16 v1.6 Avoid name clashes with e-TeX commands (HO)
Package etexcmds Info: Could not find \expanded.
(etexcmds)             That can mean that you are not using pdfTeX 1.50 or
(etexcmds)             that some package has redefined \expanded.
(etexcmds)             In the latter case, load this package earlier.
Package: kvsetkeys 2016/05/16 v1.17 Key value parser (HO)
Package: kvdefinekeys 2016/05/16 v1.4 Define keys (HO)
Package: pdftexcmds 2017/03/19 v0.25 Utility functions of pdfTeX for LuaTeX (HO
)
Package pdftexcmds Info: LuaTeX not detected.
Package pdftexcmds Info: \pdf@primitive is available.
Package pdftexcmds Info: \pdf@ifprimitive is available.
Package pdftexcmds Info: \pdfdraftmode found.
Package: pdfescape 2016/05/16 v1.14 Implements pdfTeX's escape features (HO)
Package: bigintcalc 2016/05/16 v1.4 Expandable calculations on big integers (HO
)
Package: bitset 2016/05/16 v1.2 Handle bit-vector datatype (HO)
Package: uniquecounter 2016/05/16 v1.3 Provide unlimited unique counter (HO)
)
Package hobsub Info: Skipping package `hobsub' (already loaded).
Package: letltxmacro 2016/05/16 v1.5 Let assignment for LaTeX macros (HO)
Package: hopatch 2016/05/16 v1.3 Wrapper for package hooks (HO)
Package: xcolor-patch 2016/05/16 xcolor patch
Package: atveryend 2016/05/16 v1.9 Hooks at the very end of document (HO)
Package atveryend Info: \enddocument detected (standard20110627).
Package: atbegshi 2016/06/09 v1.18 At begin shipout hook (HO)
Package: refcount 2016/05/16 v3.5 Data extraction from label references (HO)
Package: hycolor 2016/05/16 v1.8 Color options for hyperref/bookmark (HO)
)
("C:\Program Files\MiKTeX 2.9\tex\latex\graphics\keyval.sty"
Package: keyval 2014/10/28 v1.15 key=value parser (DPC)
\KV@toks@=\toks27
)
("C:\Program Files\MiKTeX 2.9\tex\generic\ifxetex\ifxetex.sty"
Package: ifxetex 2010/09/12 v0.6 Provides ifxetex conditional
)
("C:\Program Files\MiKTeX 2.9\tex\latex\oberdiek\auxhook.sty"
Package: auxhook 2016/05/16 v1.4 Hooks for auxiliary files (HO)
)
("C:\Program Files\MiKTeX 2.9\tex\latex\oberdiek\kvoptions.sty"
Package: kvoptions 2016/05/16 v3.12 Key value format for package options (HO)
)
\@linkdim=\dimen113
\Hy@linkcounter=\count101
\Hy@pagecounter=\count102

("C:\Program Files\MiKTeX 2.9\tex\latex\hyperref\pd1enc.def"
File: pd1enc.def 2017/03/14 v6.85a Hyperref: PDFDocEncoding definition (HO)
Now handling font encoding PD1 ...
... no UTF-8 mapping file for font encoding PD1
)
\Hy@SavedSpaceFactor=\count103

("C:\Program Files\MiKTeX 2.9\tex\latex\00miktex\hyperref.cfg"
File: hyperref.cfg 2002/06/06 v1.2 hyperref configuration of TeXLive
)
Package hyperref Info: Hyper figures OFF on input line 4498.
Package hyperref Info: Link nesting OFF on input line 4503.
Package hyperref Info: Hyper index ON on input line 4506.
Package hyperref Info: Plain pages OFF on input line 4513.
Package hyperref Info: Backreferencing OFF on input line 4518.
Package hyperref Info: Implicit mode ON; LaTeX internals redefined.
Package hyperref Info: Bookmarks ON on input line 4751.
\c@Hy@tempcnt=\count104

("C:\Program Files\MiKTeX 2.9\tex\latex\url\url.sty"
\Urlmuskip=\muskip11
Package: url 2013/09/16  ver 3.4  Verb mode for urls, etc.
)
LaTeX Info: Redefining \url on input line 5104.
\XeTeXLinkMargin=\dimen114
\Fld@menulength=\count105
\Field@Width=\dimen115
\Fld@charsize=\dimen116
Package hyperref Info: Hyper figures OFF on input line 6358.
Package hyperref Info: Link nesting OFF on input line 6363.
Package hyperref Info: Hyper index ON on input line 6366.
Package hyperref Info: backreferencing OFF on input line 6373.
Package hyperref Info: Link coloring OFF on input line 6378.
Package hyperref Info: Link coloring with OCG OFF on input line 6383.
Package hyperref Info: PDF/A mode OFF on input line 6388.
LaTeX Info: Redefining \ref on input line 6428.
LaTeX Info: Redefining \pageref on input line 6432.
\Hy@abspage=\count106
\c@Item=\count107
\c@Hfootnote=\count108
)

Package hyperref Message: Driver (autodetected): hpdftex.

("C:\Program Files\MiKTeX 2.9\tex\latex\hyperref\hpdftex.def"
File: hpdftex.def 2017/03/14 v6.85a Hyperref driver for pdfTeX
\Fld@listcount=\count109
\c@bookmark@seq@number=\count110

("C:\Program Files\MiKTeX 2.9\tex\latex\oberdiek\rerunfilecheck.sty"
Package: rerunfilecheck 2016/05/16 v1.8 Rerun checks for auxiliary files (HO)
Package uniquecounter Info: New unique counter `rerunfilecheck' on input line 2
82.
)
\Hy@SectionHShift=\skip58
)
("C:\Program Files\MiKTeX 2.9\tex\latex\graphics\graphicx.sty"
Package: graphicx 2017/06/01 v1.1a Enhanced LaTeX Graphics (DPC,SPQR)

("C:\Program Files\MiKTeX 2.9\tex\latex\graphics\graphics.sty"
Package: graphics 2017/06/25 v1.2c Standard LaTeX Graphics (DPC,SPQR)

("C:\Program Files\MiKTeX 2.9\tex\latex\graphics\trig.sty"
Package: trig 2016/01/03 v1.10 sin cos tan (DPC)
)
("C:\Program Files\MiKTeX 2.9\tex\latex\graphics-cfg\graphics.cfg"
File: graphics.cfg 2016/06/04 v1.11 sample graphics configuration
)
Package graphics Info: Driver file: pdftex.def on input line 99.

("C:\Program Files\MiKTeX 2.9\tex\latex\graphics-def\pdftex.def"
File: pdftex.def 2017/06/24 v1.0g Graphics/color driver for pdftex
))
\Gin@req@height=\dimen117
\Gin@req@width=\dimen118
)
("C:\Program Files\MiKTeX 2.9\tex\latex\nopageno\nopageno.sty"
Package: nopageno 1989/01/01 no page numbers (DPC)
)
("C:\Program Files\MiKTeX 2.9\tex\latex\tools\tabularx.sty"
Package: tabularx 2016/02/03 v2.11 `tabularx' package (DPC)

("C:\Program Files\MiKTeX 2.9\tex\latex\tools\array.sty"
Package: array 2016/10/06 v2.4d Tabular extension package (FMi)
\col@sep=\dimen119
\extrarowheight=\dimen120
\NC@list=\toks28
\extratabsurround=\skip59
\backup@length=\skip60
)
\TX@col@width=\dimen121
\TX@old@table=\dimen122
\TX@old@col=\dimen123
\TX@target=\dimen124
\TX@delta=\dimen125
\TX@cols=\count111
\TX@ftn=\toks29
)
("C:\Program Files\MiKTeX 2.9\tex\latex\enumitem\enumitem.sty"
Package: enumitem 2011/09/28 v3.5.2 Customized lists
\labelindent=\skip61
\enit@outerparindent=\dimen126
\enit@toks=\toks30
\enit@inbox=\box29
\enitdp@description=\count112
)
("C:\Program Files\MiKTeX 2.9\tex\latex\tools\xspace.sty"
Package: xspace 2014/10/28 v1.13 Space after command names (DPC,MH)
)
("C:\Program Files\MiKTeX 2.9\tex\latex\algorithms\algorithm.sty"
Package: algorithm 2009/08/24 v0.1 Document Style `algorithm' - floating enviro
nment

("C:\Program Files\MiKTeX 2.9\tex\latex\float\float.sty"
Package: float 2001/11/08 v1.3d Float enhancements (AL)
\c@float@type=\count113
\float@exts=\toks31
\float@box=\box30
\@float@everytoks=\toks32
\@floatcapt=\box31
)
("C:\Program Files\MiKTeX 2.9\tex\latex\base\ifthen.sty"
Package: ifthen 2014/09/29 v1.1c Standard LaTeX ifthen package (DPC)
)
\@float@every@algorithm=\toks33
\c@algorithm=\count114
)
("C:\Program Files\MiKTeX 2.9\tex\latex\algorithmicx\algpseudocode.sty"
Package: algpseudocode 

("C:\Program Files\MiKTeX 2.9\tex\latex\algorithmicx\algorithmicx.sty"
Package: algorithmicx 2005/04/27 v1.2 Algorithmicx

Document Style algorithmicx 1.2 - a greatly improved `algorithmic' style
\c@ALG@line=\count115
\c@ALG@rem=\count116
\c@ALG@nested=\count117
\ALG@tlm=\skip62
\ALG@thistlm=\skip63
\c@ALG@Lnr=\count118
\c@ALG@blocknr=\count119
\c@ALG@storecount=\count120
\c@ALG@tmpcounter=\count121
\ALG@tmplength=\skip64
)
Document Style - pseudocode environments for use with the `algorithmicx' style
) ("C:\Program Files\MiKTeX 2.9\tex\latex\mathtools\mathtools.sty"
Package: mathtools 2017/10/30 v1.20 mathematical typesetting tools

("C:\Program Files\MiKTeX 2.9\tex\latex\tools\calc.sty"
Package: calc 2014/10/28 v4.3 Infix arithmetic (KKT,FJ)
\calc@Acount=\count122
\calc@Bcount=\count123
\calc@Adimen=\dimen127
\calc@Bdimen=\dimen128
\calc@Askip=\skip65
\calc@Bskip=\skip66
LaTeX Info: Redefining \setlength on input line 80.
LaTeX Info: Redefining \addtolength on input line 81.
\calc@Ccount=\count124
\calc@Cskip=\skip67
)
("C:\Program Files\MiKTeX 2.9\tex\latex\mathtools\mhsetup.sty"
Package: mhsetup 2017/03/31 v1.3 programming setup (MH)
)
LaTeX Info: Thecontrolsequence`\('isalreadyrobust on input line 129.
LaTeX Info: Thecontrolsequence`\)'isalreadyrobust on input line 129.
LaTeX Info: Thecontrolsequence`\['isalreadyrobust on input line 129.
LaTeX Info: Thecontrolsequence`\]'isalreadyrobust on input line 129.
\g_MT_multlinerow_int=\count125
\l_MT_multwidth_dim=\dimen129
\origjot=\skip68
\l_MT_shortvdotswithinadjustabove_dim=\dimen130
\l_MT_shortvdotswithinadjustbelow_dim=\dimen131
\l_MT_above_intertext_sep=\dimen132
\l_MT_below_intertext_sep=\dimen133
\l_MT_above_shortintertext_sep=\dimen134
\l_MT_below_shortintertext_sep=\dimen135
)
("C:\Program Files\MiKTeX 2.9\tex\latex\xcolor\xcolor.sty"
Package: xcolor 2016/05/11 v2.12 LaTeX color extensions (UK)

("C:\Program Files\MiKTeX 2.9\tex\latex\graphics-cfg\color.cfg"
File: color.cfg 2016/01/02 v1.6 sample color configuration
)
Package xcolor Info: Driver file: pdftex.def on input line 225.

("C:\Program Files\MiKTeX 2.9\tex\latex\colortbl\colortbl.sty"
Package: colortbl 2012/02/13 v1.0a Color table columns (DPC)
\everycr=\toks34
\minrowclearance=\skip69
)
\rownum=\count126
Package xcolor Info: Model `cmy' substituted by `cmy0' on input line 1348.
Package xcolor Info: Model `hsb' substituted by `rgb' on input line 1352.
Package xcolor Info: Model `RGB' extended on input line 1364.
Package xcolor Info: Model `HTML' substituted by `rgb' on input line 1366.
Package xcolor Info: Model `Hsb' substituted by `hsb' on input line 1367.
Package xcolor Info: Model `tHsb' substituted by `hsb' on input line 1368.
Package xcolor Info: Model `HSB' substituted by `hsb' on input line 1369.
Package xcolor Info: Model `Gray' substituted by `gray' on input line 1370.
Package xcolor Info: Model `wave' substituted by `hsb' on input line 1371.

("C:\Program Files\MiKTeX 2.9\tex\latex\graphics\dvipsnam.def"
File: dvipsnam.def 2016/06/17 v3.0m Driver-dependent file (DPC,SPQR)
))
("C:\Program Files\MiKTeX 2.9\tex\latex\appendix\appendix.sty"
Package: appendix 2009/09/02 v1.2b extra appendix facilities
\c@@pps=\count127
\c@@ppsavesec=\count128
\c@@ppsaveapp=\count129
)
("C:\Program Files\MiKTeX 2.9\tex\latex\listings\listings.sty"
\lst@mode=\count130
\lst@gtempboxa=\box32
\lst@token=\toks35
\lst@length=\count131
\lst@currlwidth=\dimen136
\lst@column=\count132
\lst@pos=\count133
\lst@lostspace=\dimen137
\lst@width=\dimen138
\lst@newlines=\count134
\lst@lineno=\count135
\lst@maxwidth=\dimen139

("C:\Program Files\MiKTeX 2.9\tex\latex\listings\lstmisc.sty"
File: lstmisc.sty 2015/06/04 1.6 (Carsten Heinz)
\c@lstnumber=\count136
\lst@skipnumbers=\count137
\lst@framebox=\box33
)
(C:\ProgramData\MiKTeX\2.9\tex\latex\listings\listings.cfg
File: listings.cfg 2003/08/13 1.1a listings configuration
))
Package: listings 2015/06/04 1.6 (Carsten Heinz)

("C:\Program Files\MiKTeX 2.9\tex\latex\pdfpages\pdfpages.sty"
Package: pdfpages 2017/10/31 v0.5l Insert pages of external PDF documents (AM)

("C:\Program Files\MiKTeX 2.9\tex\latex\eso-pic\eso-pic.sty"
Package: eso-pic 2015/07/21 v2.0g eso-pic (RN)
)
\AM@pagewidth=\dimen140
\AM@pageheight=\dimen141

("C:\Program Files\MiKTeX 2.9\tex\latex\pdfpages\pppdftex.def"
File: pppdftex.def 2017/10/31 v0.5l Pdfpages driver for pdfTeX (AM)
)
\AM@pagebox=\box34
\AM@global@opts=\toks36
\AM@toc@title=\toks37
\c@AM@survey=\count138
\AM@templatesizebox=\box35
)
("C:\Program Files\MiKTeX 2.9\tex\latex\footmisc\footmisc.sty"
Package: footmisc 2011/06/06 v5.5b a miscellany of footnote facilities
\FN@temptoken=\toks38
\footnotemargin=\dimen142
\c@pp@next@reset=\count139
Package footmisc Info: Declaring symbol style bringhurst on input line 855.
Package footmisc Info: Declaring symbol style chicago on input line 863.
Package footmisc Info: Declaring symbol style wiley on input line 872.
Package footmisc Info: Declaring symbol style lamport-robust on input line 883.

Package footmisc Info: Declaring symbol style lamport* on input line 903.
Package footmisc Info: Declaring symbol style lamport*-robust on input line 924
.
)
("C:\Program Files\MiKTeX 2.9\tex\latex\oberdiek\attachfile2.sty"
Package: attachfile2 2016/05/16 v2.8 Attach files into PDF (HO)

("C:\Program Files\MiKTeX 2.9\tex\latex\oberdiek\atfi-pdftex.def"
File: atfi-pdftex.def 2016/05/16 v2.8 attachfile2 driver for pdfTeX (HO)
)
(FinalThesis.atfi)
\atfi@stream=\write3
\openout3 = `FinalThesis.atfi'.

\atfi@appearancewidth=\skip70
\atfi@appearanceheight=\skip71
\atfi@appearancedepth=\skip72
\atfi@appearancebox=\box36
\c@atfi@flags=\count140
) ("C:\Program Files\MiKTeX 2.9\tex\latex\subfig\subfig.sty"
Package: subfig 2005/06/28 ver: 1.3 subfig package

("C:\Program Files\MiKTeX 2.9\tex\latex\caption\caption.sty"
Package: caption 2016/02/21 v3.3-144 Customizing captions (AR)

("C:\Program Files\MiKTeX 2.9\tex\latex\caption\caption3.sty"
Package: caption3 2016/05/22 v1.7-166 caption3 kernel (AR)
Package caption3 Info: TeX engine: e-TeX on input line 67.
\captionmargin=\dimen143
\captionmargin@=\dimen144
\captionwidth=\dimen145
\caption@tempdima=\dimen146
\caption@indent=\dimen147
\caption@parindent=\dimen148
\caption@hangindent=\dimen149
)
\c@ContinuedFloat=\count141
Package caption Info: float package is loaded.
Package caption Info: hyperref package is loaded.
Package caption Info: listings package is loaded.
)
\c@KVtest=\count142
\sf@farskip=\skip73
\sf@captopadj=\dimen150
\sf@capskip=\skip74
\sf@nearskip=\skip75
\c@subfigure=\count143
\c@subfigure@save=\count144
\c@lofdepth=\count145
\c@subtable=\count146
\c@subtable@save=\count147
\c@lotdepth=\count148
\sf@top=\skip76
\sf@bottom=\skip77
)
("C:\Program Files\MiKTeX 2.9\tex\latex\graphics\rotating.sty"
Package: rotating 2016/08/11 v2.16d rotated objects in LaTeX
\c@r@tfl@t=\count149
\rotFPtop=\skip78
\rotFPbot=\skip79
\rot@float@box=\box37
\rot@mess@toks=\toks39
)
("C:\Program Files\MiKTeX 2.9\tex\latex\multirow\multirow.sty"
Package: multirow 2016/11/25 v2.2 Span multiple rows of a table
\multirow@colwidth=\skip80
\multirow@cntb=\count150
\multirow@dima=\skip81
\bigstrutjot=\dimen151
)
("C:\Program Files\MiKTeX 2.9\tex\latex\import\import.sty"
Package: import 2009/03/23  v 5.1
)
("C:\Program Files\MiKTeX 2.9\tex\latex\makecell\makecell.sty"
Package: makecell 2009/08/03 V0.1e Managing of Tab Column Heads and Cells
\rotheadsize=\dimen152
\c@nlinenum=\count151
\TeXr@lab=\toks40
)
(FinalThesis.aux)
\openout1 = `FinalThesis.aux'.

LaTeX Font Info:    Checking defaults for OML/cmm/m/it on input line 50.
LaTeX Font Info:    ... okay on input line 50.
LaTeX Font Info:    Checking defaults for T1/cmr/m/n on input line 50.
LaTeX Font Info:    ... okay on input line 50.
LaTeX Font Info:    Checking defaults for OT1/cmr/m/n on input line 50.
LaTeX Font Info:    ... okay on input line 50.
LaTeX Font Info:    Checking defaults for OMS/cmsy/m/n on input line 50.
LaTeX Font Info:    ... okay on input line 50.
LaTeX Font Info:    Checking defaults for OMX/cmex/m/n on input line 50.
LaTeX Font Info:    ... okay on input line 50.
LaTeX Font Info:    Checking defaults for U/cmr/m/n on input line 50.
LaTeX Font Info:    ... okay on input line 50.
LaTeX Font Info:    Checking defaults for PD1/pdf/m/n on input line 50.
LaTeX Font Info:    ... okay on input line 50.
\AtBeginShipoutBox=\box38
Package hyperref Info: Link coloring OFF on input line 50.
 ("C:\Program Files\MiKTeX 2.9\tex\latex\hyperref\nameref.sty"
Package: nameref 2016/05/21 v2.44 Cross-referencing by name of section
("C:\Program Files\MiKTeX 2.9\tex\generic\oberdiek\gettitlestring.sty"
Package: gettitlestring 2016/05/16 v1.5 Cleanup title references (HO)
)
\c@section@level=\count152
)
LaTeX Info: Redefining \ref on input line 50.
LaTeX Info: Redefining \pageref on input line 50.
LaTeX Info: Redefining \nameref on input line 50.

(FinalThesis.out) (FinalThesis.out)
\@outlinefile=\write4
\openout4 = `FinalThesis.out'.


("C:\Program Files\MiKTeX 2.9\tex\context\base\supp-pdf.mkii"
[Loading MPS to PDF converter (version 2006.09.02).]
\scratchcounter=\count153
\scratchdimen=\dimen153
\scratchbox=\box39
\nofMPsegments=\count154
\nofMParguments=\count155
\everyMPshowfont=\toks41
\MPscratchCnt=\count156
\MPscratchDim=\dimen154
\MPnumerator=\count157
\makeMPintoPDFobject=\count158
\everyMPtoPDFconversion=\toks42
) ("C:\Program Files\MiKTeX 2.9\tex\latex\oberdiek\epstopdf-base.sty"
Package: epstopdf-base 2016/05/15 v2.6 Base part for package epstopdf

("C:\Program Files\MiKTeX 2.9\tex\latex\oberdiek\grfext.sty"
Package: grfext 2016/05/16 v1.2 Manage graphics extensions (HO)
)
Package epstopdf-base Info: Redefining graphics rule for `.eps' on input line 4
38.
Package grfext Info: Graphics extension search list:
(grfext)             [.pdf,.png,.jpg,.mps,.jpeg,.jbig2,.jb2,.PDF,.PNG,.JPG,.JPE
G,.JBIG2,.JB2,.eps]
(grfext)             \AppendGraphicsExtensions on input line 456.
)
\c@lstlisting=\count159

("C:\Program Files\MiKTeX 2.9\tex\latex\oberdiek\pdflscape.sty"
Package: pdflscape 2016/05/14 v0.11 Display of landscape pages in PDF (HO)

("C:\Program Files\MiKTeX 2.9\tex\latex\graphics\lscape.sty"
Package: lscape 2000/10/22 v3.01 Landscape Pages (DPC)
)
Package pdflscape Info: Auto-detected driver: pdftex on input line 81.
)
Package caption Info: Begin \AtBeginDocument code.
Package caption Info: subfig package v1.3 is loaded.
Package caption Info: rotating package is loaded.
Package caption Info: End \AtBeginDocument code.
 [1

{C:/Users/s119104/AppData/Local/MiKTeX/2.9/pdftex/config/pdftex.map}]
Chapter 1.
pdfTeX warning (ext4): destination with the same identifier (name{page.1}) has 
been already used, duplicate ignored
<to be read again> 
                   \relax 
l.109 	\tableofcontents
                        [1

] (FinalThesis.toc
LaTeX Font Info:    Try loading font information for U+msa on input line 4.

("C:\Program Files\MiKTeX 2.9\tex\latex\amsfonts\umsa.fd"
File: umsa.fd 2013/01/14 v3.01 AMS symbols A
)
LaTeX Font Info:    Try loading font information for U+msb on input line 4.

("C:\Program Files\MiKTeX 2.9\tex\latex\amsfonts\umsb.fd"
File: umsb.fd 2013/01/14 v3.01 AMS symbols B
) [2

] [3])
\tf@toc=\write5
\openout5 = `FinalThesis.toc'.

 [4]
Chapter 2.

Underfull \hbox (badness 10000) in paragraph at lines 149--154

 []


Underfull \hbox (badness 10000) in paragraph at lines 149--154

 []


Underfull \hbox (badness 10000) in paragraph at lines 149--154

 []


Underfull \hbox (badness 10000) in paragraph at lines 158--159

 []


Underfull \hbox (badness 10000) in paragraph at lines 160--161

 []

[5


]
Underfull \hbox (badness 10000) in paragraph at lines 162--163

 []

[6]
Chapter 3.
[7

]
<./ThesisFigures/MicroArray.png, id=824, 853.1875pt x 618.31pt>
File: ./ThesisFigures/MicroArray.png Graphic file (type png)
<use ./ThesisFigures/MicroArray.png>
Package pdftex.def Info: ./ThesisFigures/MicroArray.png  used on input line 226
. on input line 226.
Package pdftex.def Info: Requested size: 339.67029pt x 246.1686pt on input line
 226.
LaTeX Font Info:    Try loading font information for OMS+cmr on input line 236.

 ("C:\Program Files\MiKTeX 2.9\tex\latex\base\omscmr.fd"
File: omscmr.fd 2014/09/29 v2.5h Standard LaTeX font definitions
)
LaTeX Font Info:    Font shape `OMS/cmr/m/n' in size <10> not available
(Font)              Font shape `OMS/cmsy/m/n' tried instead on input line 236.
 [8]
<./ThesisFigures/MassSpect.jpg, id=852, 687.56876pt x 515.9275pt>
File: ./ThesisFigures/MassSpect.jpg Graphic file (type jpg)
<use ./ThesisFigures/MassSpect.jpg>
Package pdftex.def Info: ./ThesisFigures/MassSpect.jpg  used on input line 247.
 on input line 247.
Package pdftex.def Info: Requested size: 424.58624pt x 318.5964pt on input line
 247.
 [9 <./ThesisFigures/MicroArray.png>] [10 <./ThesisFigures/MassSpect.jpg>] [11]


LaTeX Warning: No positions in optional float specifier.
               Default added (so using `tbp') on input line 312.

[12] [13] [14] [15] [16]
Chapter 4.
[17

]

LaTeX Warning: No positions in optional float specifier.
               Default added (so using `tbp') on input line 470.


Overfull \hbox (40.69551pt too wide) in paragraph at lines 474--481
 [][] 
 []


LaTeX Warning: Citation `chandrasheto split bykar2014survey' on page 18 undefin
ed on input line 487.

[18]
Package hyperref Info: bookmark level for unknown algorithm defaults to 0 on in
put line 520.


LaTeX Warning: Command \O invalid in math mode on input line 523.


LaTeX Warning: Command \O invalid in math mode on input line 524.


LaTeX Warning: Command \O invalid in math mode on input line 540.

[19] [20]

LaTeX Warning: Command \O invalid in math mode on input line 579.


LaTeX Warning: Command \O invalid in math mode on input line 620.

[21]

LaTeX Warning: Command \O invalid in math mode on input line 654.


LaTeX Warning: `h' float specifier changed to `ht'.


Underfull \hbox (badness 10000) in paragraph at lines 673--674

 []

[22] [23]
Underfull \hbox (badness 10000) in paragraph at lines 727--728

 []


LaTeX Warning: Command \O invalid in math mode on input line 739.


Underfull \hbox (badness 10000) in paragraph at lines 751--752

 []

[24] [25]
<./ThesisFigures/Meta-LearningLayout.png, id=1183, 343.2825pt x 258.21469pt>
File: ./ThesisFigures/Meta-LearningLayout.png Graphic file (type png)
<use ./ThesisFigures/Meta-LearningLayout.png>
Package pdftex.def Info: ./ThesisFigures/Meta-LearningLayout.png  used on input
 line 814. on input line 814.
Package pdftex.def Info: Requested size: 343.28165pt x 258.21405pt on input lin
e 814.
 [26]

LaTeX Warning: No positions in optional float specifier.
               Default added (so using `tbp') on input line 831.

<./ThesisFigures/MachineLearningPipeline.png, id=1203, 370.38374pt x 182.18062p
t>
File: ./ThesisFigures/MachineLearningPipeline.png Graphic file (type png)
<use ./ThesisFigures/MachineLearningPipeline.png>
Package pdftex.def Info: ./ThesisFigures/MachineLearningPipeline.png  used on i
nput line 832. on input line 832.
Package pdftex.def Info: Requested size: 370.38283pt x 182.18016pt on input lin
e 832.

LaTeX Warning: No positions in optional float specifier.
               Default added (so using `tbp') on input line 837.


Overfull \hbox (9.3069pt too wide) in paragraph at lines 841--853
 [][] 
 []

<./ThesisFigures/TPOTMutations.png, id=1207, 354.57469pt x 247.67531pt>
File: ./ThesisFigures/TPOTMutations.png Graphic file (type png)
<use ./ThesisFigures/TPOTMutations.png>
Package pdftex.def Info: ./ThesisFigures/TPOTMutations.png  used on input line 
859. on input line 859.
Package pdftex.def Info: Requested size: 354.57382pt x 247.6747pt on input line
 859.

LaTeX Warning: `!h' float specifier changed to `!ht'.

<./ThesisFigures/TPOTCrossover.png, id=1211, 372.64218pt x 142.28156pt>
File: ./ThesisFigures/TPOTCrossover.png Graphic file (type png)
<use ./ThesisFigures/TPOTCrossover.png>
Package pdftex.def Info: ./ThesisFigures/TPOTCrossover.png  used on input line 
868. on input line 868.
Package pdftex.def Info: Requested size: 372.64127pt x 142.2812pt on input line
 868.

LaTeX Warning: `!h' float specifier changed to `!ht'.

[27 <./ThesisFigures/Meta-LearningLayout.png>] [28 <./ThesisFigures/MachineLear
ningPipeline.png>] [29 <./ThesisFigures/TPOTMutations.png> <./ThesisFigures/TPO
TCrossover.png>]
Underfull \hbox (badness 10000) in paragraph at lines 886--891

 []


Underfull \hbox (badness 10000) in paragraph at lines 886--891

 []


Underfull \hbox (badness 10000) in paragraph at lines 886--891

 []


Underfull \hbox (badness 10000) in paragraph at lines 891--896

 []


Underfull \hbox (badness 10000) in paragraph at lines 891--896

 []


Underfull \hbox (badness 10000) in paragraph at lines 891--896

 []


Underfull \hbox (badness 10000) in paragraph at lines 896--901

 []


Underfull \hbox (badness 10000) in paragraph at lines 896--901

 []


Underfull \hbox (badness 10000) in paragraph at lines 896--901

 []

[30]
<./ThesisFigures/FS_accuracy_alpha.png, id=1251, 656.9343pt x 476.982pt>
File: ./ThesisFigures/FS_accuracy_alpha.png Graphic file (type png)
<use ./ThesisFigures/FS_accuracy_alpha.png>
Package pdftex.def Info: ./ThesisFigures/FS_accuracy_alpha.png  used on input l
ine 928. on input line 928.
Package pdftex.def Info: Requested size: 424.58624pt x 308.28786pt on input lin
e 928.
 [31]
<./ThesisFigures/FS_accuracy_example.png, id=1264, 462.528pt x 346.896pt>
File: ./ThesisFigures/FS_accuracy_example.png Graphic file (type png)
<use ./ThesisFigures/FS_accuracy_example.png>
Package pdftex.def Info: ./ThesisFigures/FS_accuracy_example.png  used on input
 line 941. on input line 941.
Package pdftex.def Info: Requested size: 462.52686pt x 346.89514pt on input lin
e 941.

Overfull \hbox (37.94061pt too wide) in paragraph at lines 941--942
[][] 
 []

[32 <./ThesisFigures/FS_accuracy_alpha.png>]

LaTeX Warning: No positions in optional float specifier.
               Default added (so using `tbp') on input line 952.


Overfull \hbox (71.60913pt too wide) in paragraph at lines 956--964
 [][] 
 []

[33 <./ThesisFigures/FS_accuracy_example.png>] [34]

LaTeX Warning: No positions in optional float specifier.
               Default added (so using `tbp') on input line 985.

[35] [36]

LaTeX Warning: No positions in optional float specifier.
               Default added (so using `tbp') on input line 1051.


Overfull \hbox (56.03476pt too wide) in paragraph at lines 1054--1062
[][] 
 []

[37]
<./ThesisFigures/Val_Test_Scores.png, id=1330, 462.528pt x 344.0052pt>
File: ./ThesisFigures/Val_Test_Scores.png Graphic file (type png)
<use ./ThesisFigures/Val_Test_Scores.png>
Package pdftex.def Info: ./ThesisFigures/Val_Test_Scores.png  used on input lin
e 1077. on input line 1077.
Package pdftex.def Info: Requested size: 297.20906pt x 221.06017pt on input lin
e 1077.
<./ThesisFigures/Machine_Learning_Val_Scores.png, id=1334, 462.528pt x 344.0052
pt>
File: ./ThesisFigures/Machine_Learning_Val_Scores.png Graphic file (type png)
<use ./ThesisFigures/Machine_Learning_Val_Scores.png>
Package pdftex.def Info: ./ThesisFigures/Machine_Learning_Val_Scores.png  used 
on input line 1087. on input line 1087.
Package pdftex.def Info: Requested size: 297.20906pt x 221.06017pt on input lin
e 1087.
 [38 <./ThesisFigures/Val_Test_Scores.png>]
<./ThesisFigures/Data_Rank_Val_Scores.png, id=1344, 462.528pt x 344.0052pt>
File: ./ThesisFigures/Data_Rank_Val_Scores.png Graphic file (type png)
<use ./ThesisFigures/Data_Rank_Val_Scores.png>
Package pdftex.def Info: ./ThesisFigures/Data_Rank_Val_Scores.png  used on inpu
t line 1097. on input line 1097.
Package pdftex.def Info: Requested size: 297.20906pt x 221.06017pt on input lin
e 1097.
 [39 <./ThesisFigures/Machine_Learning_Val_Scores.png> <./ThesisFigures/Data_Ra
nk_Val_Scores.png>]
<./ThesisFigures/Data_Rank_F1_Scores.png, id=1355, 462.528pt x 344.0052pt>
File: ./ThesisFigures/Data_Rank_F1_Scores.png Graphic file (type png)
<use ./ThesisFigures/Data_Rank_F1_Scores.png>
Package pdftex.def Info: ./ThesisFigures/Data_Rank_F1_Scores.png  used on input
 line 1110. on input line 1110.
Package pdftex.def Info: Requested size: 297.20906pt x 221.06017pt on input lin
e 1110.
<./ThesisFigures/Accuracy_new.png, id=1360, 2890.8pt x 1647.15375pt>
File: ./ThesisFigures/Accuracy_new.png Graphic file (type png)
<use ./ThesisFigures/Accuracy_new.png>
Package pdftex.def Info: ./ThesisFigures/Accuracy_new.png  used on input line 1
127. on input line 1127.
Package pdftex.def Info: Requested size: 2890.79298pt x 1647.14975pt on input l
ine 1127.
 [40 <./ThesisFigures/Data_Rank_F1_Scores.png>]
Overfull \vbox (30.42636pt too high) has occurred while \output is active []


[41 <./ThesisFigures/Accuracy_new.png>]
<./ThesisFigures/F1_new.png, id=1376, 2890.8pt x 1647.15375pt>
File: ./ThesisFigures/F1_new.png Graphic file (type png)
<use ./ThesisFigures/F1_new.png>
Package pdftex.def Info: ./ThesisFigures/F1_new.png  used on input line 1135. o
n input line 1135.
Package pdftex.def Info: Requested size: 2890.79298pt x 1647.14975pt on input l
ine 1135.

Overfull \vbox (18.42636pt too high) has occurred while \output is active []


[42 <./ThesisFigures/F1_new.png>]
<./ThesisFigures/ComputationTimeBarChart.png, id=1384, 2890.8pt x 1647.15375pt>

File: ./ThesisFigures/ComputationTimeBarChart.png Graphic file (type png)
<use ./ThesisFigures/ComputationTimeBarChart.png>
Package pdftex.def Info: ./ThesisFigures/ComputationTimeBarChart.png  used on i
nput line 1146. on input line 1146.
Package pdftex.def Info: Requested size: 2890.79298pt x 1647.14975pt on input l
ine 1146.
 [43]
Overfull \vbox (18.42636pt too high) has occurred while \output is active []


[44 <./ThesisFigures/ComputationTimeBarChart.png>]
<./ThesisFigures/Pareto_FSscore_Comp.png, id=1396, 1830.84pt x 1299.85625pt>
File: ./ThesisFigures/Pareto_FSscore_Comp.png Graphic file (type png)
<use ./ThesisFigures/Pareto_FSscore_Comp.png>
Package pdftex.def Info: ./ThesisFigures/Pareto_FSscore_Comp.png  used on input
 line 1163. on input line 1163.
Package pdftex.def Info: Requested size: 1830.83556pt x 1299.85309pt on input l
ine 1163.
 [45]
Overfull \vbox (18.40137pt too high) has occurred while \output is active []


[46 <./ThesisFigures/Pareto_FSscore_Comp.png>]

LaTeX Warning: No positions in optional float specifier.
               Default added (so using `tbp') on input line 1172.


Overfull \hbox (40.25581pt too wide) in paragraph at lines 1175--1183
[][] 
 []

<./ThesisFigures/TPOT_avg_MO.PNG, id=1412, 661.9932pt x 500.8311pt>
File: ./ThesisFigures/TPOT_avg_MO.PNG Graphic file (type png)
<use ./ThesisFigures/TPOT_avg_MO.PNG>
Package pdftex.def Info: ./ThesisFigures/TPOT_avg_MO.PNG  used on input line 11
87. on input line 1187.
Package pdftex.def Info: Requested size: 339.67029pt x 256.97946pt on input lin
e 1187.
<./ThesisFigures/TPOT_avg_Arcene.PNG, id=1413, 661.2705pt x 503.7219pt>
File: ./ThesisFigures/TPOT_avg_Arcene.PNG Graphic file (type png)
<use ./ThesisFigures/TPOT_avg_Arcene.PNG>
Package pdftex.def Info: ./ThesisFigures/TPOT_avg_Arcene.PNG  used on input lin
e 1194. on input line 1194.
Package pdftex.def Info: Requested size: 339.67029pt x 258.74713pt on input lin
e 1194.
[47 <./ThesisFigures/TPOT_avg_MO.PNG>]
<./ThesisFigures/TPOT_avg_RSCTC.PNG, id=1424, 662.7159pt x 500.1084pt>
File: ./ThesisFigures/TPOT_avg_RSCTC.PNG Graphic file (type png)
<use ./ThesisFigures/TPOT_avg_RSCTC.PNG>
Package pdftex.def Info: ./ThesisFigures/TPOT_avg_RSCTC.PNG  used on input line
 1201. on input line 1201.
Package pdftex.def Info: Requested size: 339.67029pt x 256.33392pt on input lin
e 1201.
<./ThesisFigures/TPOT_avg_Psoriasis.PNG, id=1425, 661.9932pt x 500.1084pt>
File: ./ThesisFigures/TPOT_avg_Psoriasis.PNG Graphic file (type png)
<use ./ThesisFigures/TPOT_avg_Psoriasis.PNG>
Package pdftex.def Info: ./ThesisFigures/TPOT_avg_Psoriasis.PNG  used on input 
line 1208. on input line 1208.
Package pdftex.def Info: Requested size: 339.67029pt x 256.60864pt on input lin
e 1208.
 [48 <./ThesisFigures/TPOT_avg_Arcene.PNG> <./ThesisFigures/TPOT_avg_RSCTC.PNG>
] [49 <./ThesisFigures/TPOT_avg_Psoriasis.PNG>] [50] [51]
Chapter 5.
[52

] [53] [54] [55] [56] [57] [58]
<./ThesisFigures/MultipleImputationPicture.PNG, id=1576, 805.50937pt x 356.8331
3pt>
File: ./ThesisFigures/MultipleImputationPicture.PNG Graphic file (type png)
<use ./ThesisFigures/MultipleImputationPicture.PNG>
Package pdftex.def Info: ./ThesisFigures/MultipleImputationPicture.PNG  used on
 input line 1552. on input line 1552.
Package pdftex.def Info: Requested size: 424.58624pt x 188.08614pt on input lin
e 1552.
 [59 <./ThesisFigures/MultipleImputationPicture.PNG>]
Underfull \hbox (badness 10000) in paragraph at lines 1598--1603

 []


Underfull \hbox (badness 10000) in paragraph at lines 1598--1603

 []


Underfull \hbox (badness 10000) in paragraph at lines 1598--1603

 []


Underfull \hbox (badness 10000) in paragraph at lines 1603--1608

 []


Underfull \hbox (badness 10000) in paragraph at lines 1603--1608

 []


Underfull \hbox (badness 10000) in paragraph at lines 1603--1608

 []

[60] [61]

LaTeX Warning: No positions in optional float specifier.
               Default added (so using `tbp') on input line 1638.


Overfull \hbox (12.13348pt too wide) in paragraph at lines 1641--1646
[][] 
 []

[62]
LaTeX Font Info:    Try loading font information for OML+cmr on input line 1698
.
 ("C:\Program Files\MiKTeX 2.9\tex\latex\base\omlcmr.fd"
File: omlcmr.fd 2014/09/29 v2.5h Standard LaTeX font definitions
)
LaTeX Font Info:    Font shape `OML/cmr/m/n' in size <10> not available
(Font)              Font shape `OML/cmm/m/it' tried instead on input line 1698.


Overfull \hbox (13.3106pt too wide) in paragraph at lines 1694--1701
[][] 
 []

[63] [64]

LaTeX Warning: No positions in optional float specifier.
               Default added (so using `tbp') on input line 1731.


LaTeX Warning: No positions in optional float specifier.
               Default added (so using `tbp') on input line 1752.

<./ThesisFigures/Mean_Dist.PNG, id=1699, 627.3036pt x 534.798pt>
File: ./ThesisFigures/Mean_Dist.PNG Graphic file (type png)
<use ./ThesisFigures/Mean_Dist.PNG>
Package pdftex.def Info: ./ThesisFigures/Mean_Dist.PNG  used on input line 1754
. on input line 1754.
Package pdftex.def Info: Requested size: 424.58624pt x 361.98495pt on input lin
e 1754.

LaTeX Warning: No positions in optional float specifier.
               Default added (so using `tbp') on input line 1759.

<./ThesisFigures/Var_Dist.PNG, id=1700, 594.0594pt x 542.025pt>
File: ./ThesisFigures/Var_Dist.PNG Graphic file (type png)
<use ./ThesisFigures/Var_Dist.PNG>
Package pdftex.def Info: ./ThesisFigures/Var_Dist.PNG  used on input line 1761.
 on input line 1761.
Package pdftex.def Info: Requested size: 424.58624pt x 387.4126pt on input line
 1761.

LaTeX Warning: No positions in optional float specifier.
               Default added (so using `tbp') on input line 1768.

<./ThesisFigures/Mean_Dist_Extra_ACA.PNG, id=1703, 596.9502pt x 585.387pt>
File: ./ThesisFigures/Mean_Dist_Extra_ACA.PNG Graphic file (type png)
<use ./ThesisFigures/Mean_Dist_Extra_ACA.PNG>
Package pdftex.def Info: ./ThesisFigures/Mean_Dist_Extra_ACA.PNG  used on input
 line 1770. on input line 1770.
Package pdftex.def Info: Requested size: 424.58624pt x 416.36905pt on input lin
e 1770.

LaTeX Warning: No positions in optional float specifier.
               Default added (so using `tbp') on input line 1775.

<./ThesisFigures/Var_Dist_Extra_ACA.PNG, id=1704, 548.5293pt x 534.0753pt>
File: ./ThesisFigures/Var_Dist_Extra_ACA.PNG Graphic file (type png)
<use ./ThesisFigures/Var_Dist_Extra_ACA.PNG>
Package pdftex.def Info: ./ThesisFigures/Var_Dist_Extra_ACA.PNG  used on input 
line 1777. on input line 1777.
Package pdftex.def Info: Requested size: 424.58624pt x 413.41512pt on input lin
e 1777.
[65] [66 <./ThesisFigures/Mean_Dist.PNG>] [67 <./ThesisFigures/Var_Dist.PNG>]
[68 <./ThesisFigures/Mean_Dist_Extra_ACA.PNG>] [69 <./ThesisFigures/Var_Dist_Ex
tra_ACA.PNG>]
<./ThesisFigures/avg_acc.PNG, id=1740, 1927.2pt x 1048.91875pt>
File: ./ThesisFigures/avg_acc.PNG Graphic file (type png)
<use ./ThesisFigures/avg_acc.PNG>
Package pdftex.def Info: ./ThesisFigures/avg_acc.PNG  used on input line 1802. 
on input line 1802.
Package pdftex.def Info: Requested size: 1927.19533pt x 1048.91618pt on input l
ine 1802.
 [70]
Overfull \vbox (5.3698pt too high) has occurred while \output is active []


[71 <./ThesisFigures/avg_acc.PNG>]
<./ThesisFigures/avg_acc_15aca.PNG, id=1754, 1927.2pt x 1048.91875pt>
File: ./ThesisFigures/avg_acc_15aca.PNG Graphic file (type png)
<use ./ThesisFigures/avg_acc_15aca.PNG>
Package pdftex.def Info: ./ThesisFigures/avg_acc_15aca.PNG  used on input line 
1809. on input line 1809.
Package pdftex.def Info: Requested size: 1927.19533pt x 1048.91618pt on input l
ine 1809.

Overfull \vbox (17.3698pt too high) has occurred while \output is active []


[72 <./ThesisFigures/avg_acc_15aca.PNG>]
<./ThesisFigures/avg_F1.PNG, id=1761, 1927.2pt x 1098.1025pt>
File: ./ThesisFigures/avg_F1.PNG Graphic file (type png)
<use ./ThesisFigures/avg_F1.PNG>
Package pdftex.def Info: ./ThesisFigures/avg_F1.PNG  used on input line 1816. o
n input line 1816.
Package pdftex.def Info: Requested size: 1927.19533pt x 1098.09981pt on input l
ine 1816.

Overfull \vbox (5.3698pt too high) has occurred while \output is active []


[73 <./ThesisFigures/avg_F1.PNG>]

LaTeX Warning: No positions in optional float specifier.
               Default added (so using `tbp') on input line 1822.

[74] [75]
Chapter 6.
[76

] [77] [78]
Underfull \hbox (badness 10000) in paragraph at lines 2003--2005

 []

[79]
Underfull \hbox (badness 10000) in paragraph at lines 2016--2018

 []


Underfull \hbox (badness 10000) in paragraph at lines 2023--2025

 []


Underfull \hbox (badness 10000) in paragraph at lines 2046--2049

 []


Underfull \hbox (badness 10000) in paragraph at lines 2046--2049

 []

[80]
Underfull \hbox (badness 10000) in paragraph at lines 2050--2059

 []


Underfull \hbox (badness 10000) in paragraph at lines 2050--2059

 []


Underfull \hbox (badness 10000) in paragraph at lines 2050--2059

 []

[81]
Underfull \hbox (badness 10000) in paragraph at lines 2131--2135

 []


Underfull \hbox (badness 10000) in paragraph at lines 2138--2141

 []

[82]
Underfull \hbox (badness 10000) in paragraph at lines 2144--2150

 []


Underfull \hbox (badness 10000) in paragraph at lines 2153--2156

 []


Underfull \hbox (badness 10000) in paragraph at lines 2159--2162

 []


Underfull \hbox (badness 10000) in paragraph at lines 2165--2172

 []


Underfull \hbox (badness 10000) in paragraph at lines 2175--2178

 []


Underfull \hbox (badness 10000) in paragraph at lines 2181--2186

 []

[83]
Underfull \hbox (badness 10000) in paragraph at lines 2189--2195

 []


Underfull \hbox (badness 10000) in paragraph at lines 2209--2214

 []


Underfull \hbox (badness 10000) in paragraph at lines 2217--2219

 []


Underfull \hbox (badness 10000) in paragraph at lines 2222--2225

 []

[84]
Underfull \hbox (badness 10000) in paragraph at lines 2228--2231

 []


Underfull \hbox (badness 10000) in paragraph at lines 2234--2241

 []


Underfull \hbox (badness 10000) in paragraph at lines 2244--2249

 []


Underfull \hbox (badness 10000) in paragraph at lines 2252--2256

 []

[85]
Underfull \hbox (badness 10000) in paragraph at lines 2277--2280

 []


Underfull \hbox (badness 10000) in paragraph at lines 2283--2285

 []


Underfull \hbox (badness 10000) in paragraph at lines 2288--2289

 []


LaTeX Warning: `!h' float specifier changed to `!ht'.


Underfull \hbox (badness 10000) in paragraph at lines 2321--2322

 []

[86]
<./ThesisFigures/Hep_Class.png, id=1908, 462.528pt x 346.896pt>
File: ./ThesisFigures/Hep_Class.png Graphic file (type png)
<use ./ThesisFigures/Hep_Class.png>
Package pdftex.def Info: ./ThesisFigures/Hep_Class.png  used on input line 2331
. on input line 2331.
Package pdftex.def Info: Requested size: 254.75433pt x 191.06862pt on input lin
e 2331.
<./ThesisFigures/Hep_Dist.png, id=1910, 462.528pt x 346.896pt>
File: ./ThesisFigures/Hep_Dist.png Graphic file (type png)
<use ./ThesisFigures/Hep_Dist.png>
Package pdftex.def Info: ./ThesisFigures/Hep_Dist.png  used on input line 2341.
 on input line 2341.
Package pdftex.def Info: Requested size: 339.67029pt x 254.767pt on input line 
2341.
 [87 <./ThesisFigures/Hep_Class.png>]
<./ThesisFigures/Hep_Card_Cat.png, id=1922, 668.4975pt x 511.6716pt>
File: ./ThesisFigures/Hep_Card_Cat.png Graphic file (type png)
<use ./ThesisFigures/Hep_Card_Cat.png>
Package pdftex.def Info: ./ThesisFigures/Hep_Card_Cat.png  used on input line 2
351. on input line 2351.
Package pdftex.def Info: Requested size: 339.67029pt x 259.98874pt on input lin
e 2351.
 [88 <./ThesisFigures/Hep_Dist.png>]
<./ThesisFigures/Hep_Card_Num.png, id=1931, 462.528pt x 346.896pt>
File: ./ThesisFigures/Hep_Card_Num.png Graphic file (type png)
<use ./ThesisFigures/Hep_Card_Num.png>
Package pdftex.def Info: ./ThesisFigures/Hep_Card_Num.png  used on input line 2
358. on input line 2358.
Package pdftex.def Info: Requested size: 339.67029pt x 254.767pt on input line 
2358.

[89 <./ThesisFigures/Hep_Card_Cat.png> <./ThesisFigures/Hep_Card_Num.png>]
<./ThesisFigures/Hep_AttEnt_Cat.png, id=1943, 714.7503pt x 549.252pt>
File: ./ThesisFigures/Hep_AttEnt_Cat.png Graphic file (type png)
<use ./ThesisFigures/Hep_AttEnt_Cat.png>
Package pdftex.def Info: ./ThesisFigures/Hep_AttEnt_Cat.png  used on input line
 2368. on input line 2368.
Package pdftex.def Info: Requested size: 339.67029pt x 261.0315pt on input line
 2368.
<./ThesisFigures/Hep_AttEnt_Num.png, id=1944, 690.1785pt x 620.0766pt>
File: ./ThesisFigures/Hep_AttEnt_Num.png Graphic file (type png)
<use ./ThesisFigures/Hep_AttEnt_Num.png>
Package pdftex.def Info: ./ThesisFigures/Hep_AttEnt_Num.png  used on input line
 2375. on input line 2375.
Package pdftex.def Info: Requested size: 339.67029pt x 305.17427pt on input lin
e 2375.

[90 <./ThesisFigures/Hep_AttEnt_Cat.png>]
Underfull \hbox (badness 10000) in paragraph at lines 2395--2396

 []


Underfull \hbox (badness 10000) in paragraph at lines 2399--2401

 []

[91 <./ThesisFigures/Hep_AttEnt_Num.png>]
Underfull \hbox (badness 10000) in paragraph at lines 2439--2440

 []


Underfull \hbox (badness 10000) in paragraph at lines 2443--2444

 []


LaTeX Warning: No positions in optional float specifier.
               Default added (so using `tbp') on input line 2447.

<./ThesisFigures/MO_Class.png, id=1962, 462.528pt x 346.896pt>
File: ./ThesisFigures/MO_Class.png Graphic file (type png)
<use ./ThesisFigures/MO_Class.png>
Package pdftex.def Info: ./ThesisFigures/MO_Class.png  used on input line 2449.
 on input line 2449.
Package pdftex.def Info: Requested size: 339.67029pt x 254.767pt on input line 
2449.

Underfull \hbox (badness 10000) in paragraph at lines 2454--2455

 []

[92]

LaTeX Warning: No positions in optional float specifier.
               Default added (so using `tbp') on input line 2458.

<./ThesisFigures/MO_Dist.png, id=1974, 514.5624pt x 419.8887pt>
File: ./ThesisFigures/MO_Dist.png Graphic file (type png)
<use ./ThesisFigures/MO_Dist.png>
Package pdftex.def Info: ./ThesisFigures/MO_Dist.png  used on input line 2460. 
on input line 2460.
Package pdftex.def Info: Requested size: 339.67029pt x 277.18506pt on input lin
e 2460.

Underfull \hbox (badness 10000) in paragraph at lines 2465--2466

 []


LaTeX Warning: No positions in optional float specifier.
               Default added (so using `tbp') on input line 2469.

<./ThesisFigures/MO_Card_Num.png, id=1976, 643.9257pt x 526.1256pt>
File: ./ThesisFigures/MO_Card_Num.png Graphic file (type png)
<use ./ThesisFigures/MO_Card_Num.png>
Package pdftex.def Info: ./ThesisFigures/MO_Card_Num.png  used on input line 24
71. on input line 2471.
Package pdftex.def Info: Requested size: 339.67029pt x 277.53667pt on input lin
e 2471.

Underfull \hbox (badness 10000) in paragraph at lines 2476--2477

 []


LaTeX Warning: No positions in optional float specifier.
               Default added (so using `tbp') on input line 2480.

<./ThesisFigures/MO_AttEnt_Num.png, id=1978, 602.7318pt x 471.9231pt>
File: ./ThesisFigures/MO_AttEnt_Num.png Graphic file (type png)
<use ./ThesisFigures/MO_AttEnt_Num.png>
Package pdftex.def Info: ./ThesisFigures/MO_AttEnt_Num.png  used on input line 
2482. on input line 2482.
Package pdftex.def Info: Requested size: 339.67029pt x 265.95294pt on input lin
e 2482.
[93 <./ThesisFigures/MO_Class.png>] [94 <./ThesisFigures/MO_Dist.png> <./Thesis
Figures/MO_Card_Num.png>] [95 <./ThesisFigures/MO_AttEnt_Num.png>]
Chapter 7.
<FrameworkLayout.jpg, id=1998, 1450.23412pt x 1087.67558pt>
File: FrameworkLayout.jpg Graphic file (type jpg)
<use FrameworkLayout.jpg>
Package pdftex.def Info: FrameworkLayout.jpg  used on input line 2525. on input
 line 2525.
Package pdftex.def Info: Requested size: 424.58624pt x 318.43842pt on input lin
e 2525.

Underfull \hbox (badness 10000) in paragraph at lines 2538--2542

 []


Underfull \hbox (badness 10000) in paragraph at lines 2538--2542

 []

[96

] [97 <./FrameworkLayout.jpg>]
Underfull \hbox (badness 10000) in paragraph at lines 2560--2564

 []


Underfull \hbox (badness 10000) in paragraph at lines 2560--2564

 []

[98]
Underfull \hbox (badness 10000) in paragraph at lines 2597--2601

 []


Underfull \hbox (badness 10000) in paragraph at lines 2597--2601

 []

[99]
Underfull \hbox (badness 10000) in paragraph at lines 2626--2630

 []


Underfull \hbox (badness 10000) in paragraph at lines 2626--2630

 []

[100]
Chapter 8.
[101

] (FinalThesis.bbl [102] [103

] [104] [105] [106] [107] [108] [109] [110]
[111] [112]
Underfull \hbox (badness 1077) in paragraph at lines 880--884
[]\OT1/cmr/m/n/10 K. Jain, ``Python vs. r (vs. sas) { which tool should i learn
?,'' Septem-ber 2017.
 []

[113]
Underfull \hbox (badness 1242) in paragraph at lines 1045--1048
[]\OT1/cmr/m/n/10 S. Jiang, T. E. Hinch-liffe, and T. Wu, ``Biomark-ers of an a
u-toim-mune skin dis-
 []

[114] [115]) [116]
Appendix A.
[117

]
Appendix B.
[118

] [119

]
<./ThesisFigures/HistogramExample.PNG, id=2204, 256.70906pt x 157.33781pt>
File: ./ThesisFigures/HistogramExample.PNG Graphic file (type png)
<use ./ThesisFigures/HistogramExample.PNG>
Package pdftex.def Info: ./ThesisFigures/HistogramExample.PNG  used on input li
ne 2809. on input line 2809.
Package pdftex.def Info: Requested size: 256.70842pt x 157.33742pt on input lin
e 2809.


LaTeX Warning: `!h' float specifier changed to `!ht'.

<./ThesisFigures/BoxplotExample.PNG, id=2207, 252.19218pt x 86.57344pt>
File: ./ThesisFigures/BoxplotExample.PNG Graphic file (type png)
<use ./ThesisFigures/BoxplotExample.PNG>
Package pdftex.def Info: ./ThesisFigures/BoxplotExample.PNG  used on input line
 2815. on input line 2815.
Package pdftex.def Info: Requested size: 252.19156pt x 86.57321pt on input line
 2815.

LaTeX Warning: `!h' float specifier changed to `!ht'.

[120

]
<./ThesisFigures/BinomDistExample.PNG, id=2225, 392.96812pt x 281.55188pt>
File: ./ThesisFigures/BinomDistExample.PNG Graphic file (type png)
<use ./ThesisFigures/BinomDistExample.PNG>
Package pdftex.def Info: ./ThesisFigures/BinomDistExample.PNG  used on input li
ne 2851. on input line 2851.
Package pdftex.def Info: Requested size: 196.48357pt x 140.77559pt on input lin
e 2851.
 [121 <./ThesisFigures/HistogramExample.PNG> <./ThesisFigures/BoxplotExample.PN
G> <./ThesisFigures/BinomDistExample.PNG>]
<./ThesisFigures/NormDistExample.PNG, id=2239, 378.66469pt x 356.0803pt>
File: ./ThesisFigures/NormDistExample.PNG Graphic file (type png)
<use ./ThesisFigures/NormDistExample.PNG>
Package pdftex.def Info: ./ThesisFigures/NormDistExample.PNG  used on input lin
e 2867. on input line 2867.
Package pdftex.def Info: Requested size: 189.33188pt x 178.03972pt on input lin
e 2867.
<./ThesisFigures/StudTDistExample.PNG, id=2244, 394.47375pt x 374.14781pt>
File: ./ThesisFigures/StudTDistExample.PNG Graphic file (type png)
<use ./ThesisFigures/StudTDistExample.PNG>
Package pdftex.def Info: ./ThesisFigures/StudTDistExample.PNG  used on input li
ne 2887. on input line 2887.
Package pdftex.def Info: Requested size: 197.23639pt x 187.07344pt on input lin
e 2887.
 [122 <./ThesisFigures/NormDistExample.PNG> <./ThesisFigures/StudTDistExample.P
NG>]
Overfull \hbox (35.15154pt too wide) in paragraph at lines 2947--2979
 [][] 
 []

[123] [124]
<./ThesisFigures/StatProgComp.PNG, id=2294, 634.62094pt x 219.82124pt>
File: ./ThesisFigures/StatProgComp.PNG Graphic file (type png)
<use ./ThesisFigures/StatProgComp.PNG>
Package pdftex.def Info: ./ThesisFigures/StatProgComp.PNG  used on input line 3
117. on input line 3117.
Package pdftex.def Info: Requested size: 424.58624pt x 147.07484pt on input lin
e 3117.


LaTeX Warning: `!h' float specifier changed to `!ht'.

<./ThesisFigures/StatProgGrades.PNG, id=2299, 770.88pt x 295.1025pt>
File: ./ThesisFigures/StatProgGrades.PNG Graphic file (type png)
<use ./ThesisFigures/StatProgGrades.PNG>
Package pdftex.def Info: ./ThesisFigures/StatProgGrades.PNG  used on input line
 3131. on input line 3131.
Package pdftex.def Info: Requested size: 424.58624pt x 162.53651pt on input lin
e 3131.

LaTeX Warning: `!h' float specifier changed to `!ht'.

[125

] [126 <./ThesisFigures/StatProgComp.PNG> <./ThesisFigures/StatProgGrades.PNG>]
 [127

] [128

] [129]
<./ThesisFigures/NeuronExample.PNG, id=2363, 334.24875pt x 109.1578pt>
File: ./ThesisFigures/NeuronExample.PNG Graphic file (type png)
<use ./ThesisFigures/NeuronExample.PNG>
Package pdftex.def Info: ./ThesisFigures/NeuronExample.PNG  used on input line 
3358. on input line 3358.
Package pdftex.def Info: Requested size: 334.24792pt x 109.15753pt on input lin
e 3358.
<./ThesisFigures/NeuralNetworkExample.PNG, id=2366, 390.70969pt x 204.765pt>
File: ./ThesisFigures/NeuralNetworkExample.PNG Graphic file (type png)
<use ./ThesisFigures/NeuralNetworkExample.PNG>
Package pdftex.def Info: ./ThesisFigures/NeuralNetworkExample.PNG  used on inpu
t line 3366. on input line 3366.
Package pdftex.def Info: Requested size: 390.70872pt x 204.76448pt on input lin
e 3366.
 [130

 <./ThesisFigures/NeuronExample.PNG> <./ThesisFigures/NeuralNetworkExample.PNG>
] [131]
<./ThesisFigures/TheanoPipeline.PNG, id=2394, 135.50626pt x 193.47281pt>
File: ./ThesisFigures/TheanoPipeline.PNG Graphic file (type png)
<use ./ThesisFigures/TheanoPipeline.PNG>
Package pdftex.def Info: ./ThesisFigures/TheanoPipeline.PNG  used on input line
 3437. on input line 3437.
Package pdftex.def Info: Requested size: 135.5059pt x 193.47234pt on input line
 3437.
 [132

 <./ThesisFigures/TheanoPipeline.PNG>]
<./ThesisFigures/CaffeMachineLearningComparisons.PNG, id=2418, 477.28313pt x 10
3.88812pt>
File: ./ThesisFigures/CaffeMachineLearningComparisons.PNG Graphic file (type pn
g)
<use ./ThesisFigures/CaffeMachineLearningComparisons.PNG>
Package pdftex.def Info: ./ThesisFigures/CaffeMachineLearningComparisons.PNG  u
sed on input line 3538. on input line 3538.
Package pdftex.def Info: Requested size: 477.28195pt x 103.88786pt on input lin
e 3538.

Overfull \hbox (52.69571pt too wide) in paragraph at lines 3538--3541
[][] 
 []


LaTeX Warning: `!h' float specifier changed to `!ht'.

[133]
<./ThesisFigures/FrameworkComparisons.PNG, id=2434, 550.30594pt x 315.42844pt>
File: ./ThesisFigures/FrameworkComparisons.PNG Graphic file (type png)
<use ./ThesisFigures/FrameworkComparisons.PNG>
Package pdftex.def Info: ./ThesisFigures/FrameworkComparisons.PNG  used on inpu
t line 3578. on input line 3578.
Package pdftex.def Info: Requested size: 440.24535pt x 252.34308pt on input lin
e 3578.

Overfull \hbox (15.6591pt too wide) in paragraph at lines 3578--3580
[][] 
 []


LaTeX Warning: `!h' float specifier changed to `!ht'.

[134 <./ThesisFigures/CaffeMachineLearningComparisons.PNG>] [135 <./ThesisFigur
es/FrameworkComparisons.PNG>]
Appendix C.
[136

]

Package caption Warning: \label without proper reference on input line 3658.
See the caption package documentation for explanation.


LaTeX Warning: Reference `tab:DataMarkers' on page 137 undefined on input line 
3655.


Overfull \hbox (16.33125pt too wide) in paragraph at lines 3660--3673
[][] 
 []


Package caption Warning: \label without proper reference on input line 3658.
See the caption package documentation for explanation.


LaTeX Warning: Reference `tab:DataMarkers' on page 137 undefined on input line 
3688.


LaTeX Warning: No positions in optional float specifier.
               Default added (so using `tbp') on input line 3693.

[137] [138] [139] [140

] [141]

Package caption Warning: \label without proper reference on input line 3821.
See the caption package documentation for explanation.


LaTeX Warning: Reference `fig:FinVar' on page 142 undefined on input line 3817.



Package caption Warning: \label without proper reference on input line 3827.
See the caption package documentation for explanation.


LaTeX Warning: Reference `fig:FinPat' on page 142 undefined on input line 3817.


<./ThesisFigures/FinalVariables.PNG, id=2503, 508.14844pt x 761.84625pt>
File: ./ThesisFigures/FinalVariables.PNG Graphic file (type png)
<use ./ThesisFigures/FinalVariables.PNG>
Package pdftex.def Info: ./ThesisFigures/FinalVariables.PNG  used on input line
 3820. on input line 3820.
Package pdftex.def Info: Requested size: 406.51929pt x 609.47783pt on input lin
e 3820.
<./ThesisFigures/FinalPAtients.PNG, id=2506, 511.9125pt x 333.49594pt>
File: ./ThesisFigures/FinalPAtients.PNG Graphic file (type png)
<use ./ThesisFigures/FinalPAtients.PNG>
Package pdftex.def Info: ./ThesisFigures/FinalPAtients.PNG  used on input line 
3826. on input line 3826.
Package pdftex.def Info: Requested size: 409.53056pt x 266.7971pt on input line
 3826.
[142

] [143 <./ThesisFigures/FinalVariables.PNG>] [144 <./ThesisFigures/FinalPAtient
s.PNG>] [145

] [146] [147

] [148] [149]
Appendix D.

Overfull \hbox (27.8808pt too wide) in paragraph at lines 4021--4033
 [][] 
 []


LaTeX Warning: `!h' float specifier changed to `!ht'.

[150

] [151] [152]
<./ThesisFigures/FeatureReductionLayout.png, id=2610, 780.0342pt x 408.3255pt>
File: ./ThesisFigures/FeatureReductionLayout.png Graphic file (type png)
<use ./ThesisFigures/FeatureReductionLayout.png>
Package pdftex.def Info: ./ThesisFigures/FeatureReductionLayout.png  used on in
put line 4089. on input line 4089.
Package pdftex.def Info: Requested size: 382.12502pt x 200.03139pt on input lin
e 4089.
 [153 <./ThesisFigures/FeatureReductionLayout.png>]
<./ThesisFigures/GreedyClustering.png, id=2627, 601.2864pt x 310.761pt>
File: ./ThesisFigures/GreedyClustering.png Graphic file (type png)
<use ./ThesisFigures/GreedyClustering.png>
Package pdftex.def Info: ./ThesisFigures/GreedyClustering.png  used on input li
ne 4135. on input line 4135.
Package pdftex.def Info: Requested size: 382.12502pt x 197.49226pt on input lin
e 4135.
 [154 <./ThesisFigures/GreedyClustering.png>]
<./ThesisFigures/DecisionTreeFeatureSpace.png, id=2636, 317.68687pt x 180.675pt
>
File: ./ThesisFigures/DecisionTreeFeatureSpace.png Graphic file (type png)
<use ./ThesisFigures/DecisionTreeFeatureSpace.png>
Package pdftex.def Info: ./ThesisFigures/DecisionTreeFeatureSpace.png  used on 
input line 4145. on input line 4145.
Package pdftex.def Info: Requested size: 254.75433pt x 144.8903pt on input line
 4145.
<./ThesisFigures/DecisionTreeExample.png, id=2637, 134.00063pt x 178.41656pt>
File: ./ThesisFigures/DecisionTreeExample.png Graphic file (type png)
<use ./ThesisFigures/DecisionTreeExample.png>
Package pdftex.def Info: ./ThesisFigures/DecisionTreeExample.png  used on input
 line 4147. on input line 4147.
Package pdftex.def Info: Requested size: 127.37717pt x 169.59547pt on input lin
e 4147.

Underfull \hbox (badness 2142) in paragraph at lines 4147--4147
[]\OT1/cmr/m/n/8 (b) |The cor-re-spond-ing de-ci-sion
 []

<./ThesisFigures/ClusteringLayout.png, id=2643, 553.1064pt x 564.4287pt>
File: ./ThesisFigures/ClusteringLayout.png Graphic file (type png)
<use ./ThesisFigures/ClusteringLayout.png>
Package pdftex.def Info: ./ThesisFigures/ClusteringLayout.png  used on input li
ne 4162. on input line 4162.
Package pdftex.def Info: Requested size: 297.20906pt x 303.297pt on input line 
4162.
[155 <./ThesisFigures/DecisionTreeFeatureSpace.png> <./ThesisFigures/DecisionTr
eeExample.png>]
<./ThesisFigures/Normalization.png, id=2654, 1188.8415pt x 523.4757pt>
File: ./ThesisFigures/Normalization.png Graphic file (type png)
<use ./ThesisFigures/Normalization.png>
Package pdftex.def Info: ./ThesisFigures/Normalization.png  used on input line 
4171. on input line 4171.
Package pdftex.def Info: Requested size: 424.58624pt x 186.95743pt on input lin
e 4171.
 [156 <./ThesisFigures/ClusteringLayout.png>]
Overfull \hbox (36.24062pt too wide) in paragraph at lines 4198--4204
 [][] 
 []

[157 <./ThesisFigures/Normalization.png>] [158]
Overfull \hbox (59.40857pt too wide) in paragraph at lines 4277--4286
 [][] 
 []

[159]
<./ThesisFigures/Sign_Processes_Psoriasis.png, id=2701, 1271.2293pt x 732.0951p
t>
File: ./ThesisFigures/Sign_Processes_Psoriasis.png Graphic file (type png)
<use ./ThesisFigures/Sign_Processes_Psoriasis.png>
Package pdftex.def Info: ./ThesisFigures/Sign_Processes_Psoriasis.png  used on 
input line 4303. on input line 4303.
Package pdftex.def Info: Requested size: 424.58624pt x 244.50772pt on input lin
e 4303.
 [160]
<./ThesisFigures/Cluster_Results.png, id=2708, 1175.8329pt x 659.5842pt>
File: ./ThesisFigures/Cluster_Results.png Graphic file (type png)
<use ./ThesisFigures/Cluster_Results.png>
Package pdftex.def Info: ./ThesisFigures/Cluster_Results.png  used on input lin
e 4312. on input line 4312.
Package pdftex.def Info: Requested size: 424.58624pt x 238.17476pt on input lin
e 4312.
 [161 <./ThesisFigures/Sign_Processes_Psoriasis.png>]
Overfull \hbox (9.3664pt too wide) in paragraph at lines 4339--4344
 [][] 
 []

[162 <./ThesisFigures/Cluster_Results.png>] [163]
<./ThesisFigures/Sign_Processes_Psoriasis_Scaled.png, id=2731, 1387.584pt x 771
.1209pt>
File: ./ThesisFigures/Sign_Processes_Psoriasis_Scaled.png Graphic file (type pn
g)
<use ./ThesisFigures/Sign_Processes_Psoriasis_Scaled.png>
Package pdftex.def Info: ./ThesisFigures/Sign_Processes_Psoriasis_Scaled.png  u
sed on input line 4384. on input line 4384.
Package pdftex.def Info: Requested size: 424.58624pt x 235.95045pt on input lin
e 4384.
<./ThesisFigures/Sign_Organelles_Psoriasis.png, id=2732, 1194.6231pt x 663.4386
pt>
File: ./ThesisFigures/Sign_Organelles_Psoriasis.png Graphic file (type png)
<use ./ThesisFigures/Sign_Organelles_Psoriasis.png>
Package pdftex.def Info: ./ThesisFigures/Sign_Organelles_Psoriasis.png  used on
 input line 4390. on input line 4390.
Package pdftex.def Info: Requested size: 424.58624pt x 235.80074pt on input lin
e 4390.
 [164 <./ThesisFigures/Sign_Processes_Psoriasis_Scaled.png>]
<./ThesisFigures/Sign_Organelles_Psoriasis_Scaled.png, id=2739, 1387.584pt x 77
1.1209pt>
File: ./ThesisFigures/Sign_Organelles_Psoriasis_Scaled.png Graphic file (type p
ng)
<use ./ThesisFigures/Sign_Organelles_Psoriasis_Scaled.png>
Package pdftex.def Info: ./ThesisFigures/Sign_Organelles_Psoriasis_Scaled.png  
used on input line 4397. on input line 4397.
Package pdftex.def Info: Requested size: 424.58624pt x 235.95045pt on input lin
e 4397.
<./ThesisFigures/Sign_Molecular_Psoriasis.png, id=2740, 1206.909pt x 670.6656pt
>
File: ./ThesisFigures/Sign_Molecular_Psoriasis.png Graphic file (type png)
<use ./ThesisFigures/Sign_Molecular_Psoriasis.png>
Package pdftex.def Info: ./ThesisFigures/Sign_Molecular_Psoriasis.png  used on 
input line 4403. on input line 4403.
Package pdftex.def Info: Requested size: 424.58624pt x 235.93379pt on input lin
e 4403.
 [165 <./ThesisFigures/Sign_Organelles_Psoriasis.png> <./ThesisFigures/Sign_Org
anelles_Psoriasis_Scaled.png>]
<./ThesisFigures/Sign_Molecular_Psoriasis_Scaled.png, id=2749, 1387.584pt x 768
.2301pt>
File: ./ThesisFigures/Sign_Molecular_Psoriasis_Scaled.png Graphic file (type pn
g)
<use ./ThesisFigures/Sign_Molecular_Psoriasis_Scaled.png>
Package pdftex.def Info: ./ThesisFigures/Sign_Molecular_Psoriasis_Scaled.png  u
sed on input line 4410. on input line 4410.
Package pdftex.def Info: Requested size: 424.58624pt x 235.06592pt on input lin
e 4410.
 [166 <./ThesisFigures/Sign_Molecular_Psoriasis.png> <./ThesisFigures/Sign_Mole
cular_Psoriasis_Scaled.png>]

LaTeX Warning: No positions in optional float specifier.
               Default added (so using `tbp') on input line 4421.


Underfull \hbox (badness 10000) in paragraph at lines 4441--4441
[]|\OT1/cmr/m/n/10 serpin pep-ti-dase in-hibitor
 []


Underfull \hbox (badness 10000) in paragraph at lines 4446--4446
[]|\OT1/cmr/m/n/10 interferon, alpha-inducible
 []


Overfull \hbox (38.33815pt too wide) in paragraph at lines 4425--4451
 [][] 
 []


LaTeX Warning: No positions in optional float specifier.
               Default added (so using `tbp') on input line 4453.


Underfull \hbox (badness 2409) in paragraph at lines 4459--4459
[]|\OT1/cmr/m/n/10 S100 cal-cium bind-ing pro-tein
 []


Underfull \hbox (badness 10000) in paragraph at lines 4465--4465
[]|\OT1/cmr/m/n/10 peptidase in-hibitor 3 skin-
 []


Underfull \hbox (badness 2401) in paragraph at lines 4465--4466
[]|\OT1/cmr/m/n/10 Upregulated in pso-ri-a-sis, his gene en-codes an
 []


Underfull \hbox (badness 3514) in paragraph at lines 4465--4466
\OT1/cmr/m/n/10 elastase-specific in-hibitor that func-tions as an
 []


Underfull \hbox (badness 1112) in paragraph at lines 4465--4466
\OT1/cmr/m/n/10 an-timi-cro-bial pep-tide against Gram-positive and
 []


Underfull \hbox (badness 10000) in paragraph at lines 4466--4466
[]|\OT1/cmr/m/n/10 peptidase in-hibitor 3 skin-
 []


Underfull \hbox (badness 2401) in paragraph at lines 4466--4466
[]|\OT1/cmr/m/n/10 Upregulated in pso-ri-a-sis, his gene en-codes an
 []


Underfull \hbox (badness 3514) in paragraph at lines 4466--4466
\OT1/cmr/m/n/10 elastase-specific in-hibitor that func-tions as an
 []


Underfull \hbox (badness 1112) in paragraph at lines 4466--4466
\OT1/cmr/m/n/10 an-timi-cro-bial pep-tide against Gram-positive and
 []


Overfull \hbox (38.33815pt too wide) in paragraph at lines 4457--4468
 [][] 
 []

[167] [168] [169]
Appendix E.
<./ThesisFigures/MO_MI_Val_Test_Score.png, id=2820, 462.528pt x 344.0052pt>
File: ./ThesisFigures/MO_MI_Val_Test_Score.png Graphic file (type png)
<use ./ThesisFigures/MO_MI_Val_Test_Score.png>
Package pdftex.def Info: ./ThesisFigures/MO_MI_Val_Test_Score.png  used on inpu
t line 4478. on input line 4478.
Package pdftex.def Info: Requested size: 297.20906pt x 221.06017pt on input lin
e 4478.
<./ThesisFigures/MO_T_Val_Test_Score.png, id=2821, 462.528pt x 344.0052pt>
File: ./ThesisFigures/MO_T_Val_Test_Score.png Graphic file (type png)
<use ./ThesisFigures/MO_T_Val_Test_Score.png>
Package pdftex.def Info: ./ThesisFigures/MO_T_Val_Test_Score.png  used on input
 line 4485. on input line 4485.
Package pdftex.def Info: Requested size: 297.20906pt x 221.06017pt on input lin
e 4485.
[170

 <./ThesisFigures/MO_MI_Val_Test_Score.png>]
<./ThesisFigures/Arcene_MI_Val_Test_Score.png, id=2835, 462.528pt x 344.0052pt>

File: ./ThesisFigures/Arcene_MI_Val_Test_Score.png Graphic file (type png)
<use ./ThesisFigures/Arcene_MI_Val_Test_Score.png>
Package pdftex.def Info: ./ThesisFigures/Arcene_MI_Val_Test_Score.png  used on 
input line 4492. on input line 4492.
Package pdftex.def Info: Requested size: 297.20906pt x 221.06017pt on input lin
e 4492.
<./ThesisFigures/Arcene_T_Val_Test_Score.png, id=2836, 462.528pt x 344.0052pt>
File: ./ThesisFigures/Arcene_T_Val_Test_Score.png Graphic file (type png)
<use ./ThesisFigures/Arcene_T_Val_Test_Score.png>
Package pdftex.def Info: ./ThesisFigures/Arcene_T_Val_Test_Score.png  used on i
nput line 4499. on input line 4499.
Package pdftex.def Info: Requested size: 297.20906pt x 221.06017pt on input lin
e 4499.
 [171 <./ThesisFigures/MO_T_Val_Test_Score.png> <./ThesisFigures/Arcene_MI_Val_
Test_Score.png>]
<./ThesisFigures/RSCTC_MI_Val_Test_Score.png, id=2843, 462.528pt x 344.0052pt>
File: ./ThesisFigures/RSCTC_MI_Val_Test_Score.png Graphic file (type png)
<use ./ThesisFigures/RSCTC_MI_Val_Test_Score.png>
Package pdftex.def Info: ./ThesisFigures/RSCTC_MI_Val_Test_Score.png  used on i
nput line 4506. on input line 4506.
Package pdftex.def Info: Requested size: 297.20906pt x 221.06017pt on input lin
e 4506.
<./ThesisFigures/RSCTC_T_Val_Test_Score.png, id=2844, 462.528pt x 344.0052pt>
File: ./ThesisFigures/RSCTC_T_Val_Test_Score.png Graphic file (type png)
<use ./ThesisFigures/RSCTC_T_Val_Test_Score.png>
Package pdftex.def Info: ./ThesisFigures/RSCTC_T_Val_Test_Score.png  used on in
put line 4513. on input line 4513.
Package pdftex.def Info: Requested size: 297.20906pt x 221.06017pt on input lin
e 4513.
 [172 <./ThesisFigures/Arcene_T_Val_Test_Score.png> <./ThesisFigures/RSCTC_MI_V
al_Test_Score.png>]
<./ThesisFigures/Psoriasis_MI_Val_Test_Score.png, id=2851, 462.528pt x 344.0052
pt>
File: ./ThesisFigures/Psoriasis_MI_Val_Test_Score.png Graphic file (type png)
<use ./ThesisFigures/Psoriasis_MI_Val_Test_Score.png>
Package pdftex.def Info: ./ThesisFigures/Psoriasis_MI_Val_Test_Score.png  used 
on input line 4520. on input line 4520.
Package pdftex.def Info: Requested size: 297.20906pt x 221.06017pt on input lin
e 4520.
<./ThesisFigures/Psoriasis_T_Val_Test_Score.png, id=2852, 462.528pt x 344.0052p
t>
File: ./ThesisFigures/Psoriasis_T_Val_Test_Score.png Graphic file (type png)
<use ./ThesisFigures/Psoriasis_T_Val_Test_Score.png>
Package pdftex.def Info: ./ThesisFigures/Psoriasis_T_Val_Test_Score.png  used o
n input line 4527. on input line 4527.
Package pdftex.def Info: Requested size: 297.20906pt x 221.06017pt on input lin
e 4527.
 [173 <./ThesisFigures/RSCTC_T_Val_Test_Score.png> <./ThesisFigures/Psoriasis_M
I_Val_Test_Score.png>]
<./ThesisFigures/Data_Rank_Prec_Scores.png, id=2861, 462.528pt x 344.0052pt>
File: ./ThesisFigures/Data_Rank_Prec_Scores.png Graphic file (type png)
<use ./ThesisFigures/Data_Rank_Prec_Scores.png>
Package pdftex.def Info: ./ThesisFigures/Data_Rank_Prec_Scores.png  used on inp
ut line 4540. on input line 4540.
Package pdftex.def Info: Requested size: 297.20906pt x 221.06017pt on input lin
e 4540.
<./ThesisFigures/Data_Rank_Rec_Scores.png, id=2862, 462.528pt x 344.0052pt>
File: ./ThesisFigures/Data_Rank_Rec_Scores.png Graphic file (type png)
<use ./ThesisFigures/Data_Rank_Rec_Scores.png>
Package pdftex.def Info: ./ThesisFigures/Data_Rank_Rec_Scores.png  used on inpu
t line 4547. on input line 4547.
Package pdftex.def Info: Requested size: 297.20906pt x 221.06017pt on input lin
e 4547.
 [174 <./ThesisFigures/Psoriasis_T_Val_Test_Score.png> <./ThesisFigures/Data_Ra
nk_Prec_Scores.png>]
<./ThesisFigures/Precision_new.png, id=2872, 2890.8pt x 1647.15375pt>
File: ./ThesisFigures/Precision_new.png Graphic file (type png)
<use ./ThesisFigures/Precision_new.png>
Package pdftex.def Info: ./ThesisFigures/Precision_new.png  used on input line 
4561. on input line 4561.
Package pdftex.def Info: Requested size: 2890.79298pt x 1647.14975pt on input l
ine 4561.
 [175 <./ThesisFigures/Data_Rank_Rec_Scores.png>]
Overfull \vbox (18.42636pt too high) has occurred while \output is active []


[176 <./ThesisFigures/Precision_new.png>]
<./ThesisFigures/Recall_new.png, id=2884, 2890.8pt x 1647.15375pt>
File: ./ThesisFigures/Recall_new.png Graphic file (type png)
<use ./ThesisFigures/Recall_new.png>
Package pdftex.def Info: ./ThesisFigures/Recall_new.png  used on input line 456
9. on input line 4569.
Package pdftex.def Info: Requested size: 2890.79298pt x 1647.14975pt on input l
ine 4569.

Overfull \vbox (18.42636pt too high) has occurred while \output is active []


[177 <./ThesisFigures/Recall_new.png>]
Appendix F.

LaTeX Warning: Reference `tab:LDHepatitis' on page 178 undefined on input line 
4582.


LaTeX Warning: Reference `tab:ImputationHepatitis' on page 178 undefined on inp
ut line 4582.


LaTeX Warning: Reference `tab:LDCervical' on page 178 undefined on input line 4
582.


LaTeX Warning: Reference `tab:LDHepatitis' on page 178 undefined on input line 
4582.


LaTeX Warning: Reference `tab:ImputationHepatitis' on page 178 undefined on inp
ut line 4582.


Overfull \hbox (30.36145pt too wide) in paragraph at lines 4605--4615
[][] 
 []


Overfull \hbox (59.389pt too wide) in paragraph at lines 4620--4632
[][] 
 []

[178

] [179]
<./ThesisFigures/hepa_acc.PNG, id=2908, 1927.2pt x 1048.91875pt>
File: ./ThesisFigures/hepa_acc.PNG Graphic file (type png)
<use ./ThesisFigures/hepa_acc.PNG>
Package pdftex.def Info: ./ThesisFigures/hepa_acc.PNG  used on input line 4677.
 on input line 4677.
Package pdftex.def Info: Requested size: 1927.19533pt x 1048.91618pt on input l
ine 4677.
 [180]
Overfull \vbox (5.3698pt too high) has occurred while \output is active []


[181 <./ThesisFigures/hepa_acc.PNG>]
<./ThesisFigures/cirrh_acc.PNG, id=2922, 1927.2pt x 1048.91875pt>
File: ./ThesisFigures/cirrh_acc.PNG Graphic file (type png)
<use ./ThesisFigures/cirrh_acc.PNG>
Package pdftex.def Info: ./ThesisFigures/cirrh_acc.PNG  used on input line 4684
. on input line 4684.
Package pdftex.def Info: Requested size: 1927.19533pt x 1048.91618pt on input l
ine 4684.

Overfull \vbox (5.3698pt too high) has occurred while \output is active []


[182 <./ThesisFigures/cirrh_acc.PNG>]
<./ThesisFigures/cerv_acc.PNG, id=2928, 1927.2pt x 1048.91875pt>
File: ./ThesisFigures/cerv_acc.PNG Graphic file (type png)
<use ./ThesisFigures/cerv_acc.PNG>
Package pdftex.def Info: ./ThesisFigures/cerv_acc.PNG  used on input line 4691.
 on input line 4691.
Package pdftex.def Info: Requested size: 1927.19533pt x 1048.91618pt on input l
ine 4691.

Overfull \vbox (5.3698pt too high) has occurred while \output is active []


[183 <./ThesisFigures/cerv_acc.PNG>]
Appendix G.
[184

] [185]
Underfull \hbox (badness 10000) in paragraph at lines 4797--4799

 []


Underfull \hbox (badness 10000) in paragraph at lines 4799--4804

 []


Underfull \hbox (badness 10000) in paragraph at lines 4804--4809

 []

[186]
Underfull \hbox (badness 10000) in paragraph at lines 4809--4816

 []


Underfull \hbox (badness 10000) in paragraph at lines 4816--4823

 []


Underfull \hbox (badness 10000) in paragraph at lines 4837--4839

 []


Underfull \hbox (badness 10000) in paragraph at lines 4855--4863

 []

[187]
Underfull \hbox (badness 10000) in paragraph at lines 4864--4866

 []


Overfull \hbox (27.80214pt too wide) in paragraph at lines 4874--4884
[][] 
 []


Underfull \hbox (badness 10000) in paragraph at lines 4885--4890

 []


LaTeX Warning: `!h' float specifier changed to `!ht'.


Underfull \hbox (badness 10000) in paragraph at lines 4917--4919

 []


Underfull \hbox (badness 10000) in paragraph at lines 4919--4924

 []


Underfull \hbox (badness 10000) in paragraph at lines 4924--4929

 []

[188]
Underfull \hbox (badness 10000) in paragraph at lines 4929--4936

 []


Underfull \hbox (badness 10000) in paragraph at lines 4936--4943

 []


LaTeX Warning: `!h' float specifier changed to `!ht'.


Underfull \hbox (badness 10000) in paragraph at lines 4957--4959

 []


LaTeX Warning: `!h' float specifier changed to `!ht'.


Underfull \hbox (badness 10000) in paragraph at lines 4975--4983

 []

[189]
Underfull \hbox (badness 10000) in paragraph at lines 4984--4986

 []


Overfull \hbox (27.80214pt too wide) in paragraph at lines 4994--5004
[][] 
 []


Underfull \hbox (badness 10000) in paragraph at lines 5005--5010

 []

[190]
Package atveryend Info: Empty hook `BeforeClearDocument' on input line 5030.
 [191]
Package atveryend Info: Empty hook `AfterLastShipout' on input line 5030.
 (FinalThesis.aux)
Package atveryend Info: Executing hook `AtVeryEndDocument' on input line 5030.
Package atveryend Info: Executing hook `AtEndAfterFileList' on input line 5030.

Package rerunfilecheck Info: File `FinalThesis.out' has not changed.
(rerunfilecheck)             Checksum: ED4955E1484F7A99E8E9DA0294402574;8870.


LaTeX Warning: There were undefined references.

Package atveryend Info: Empty hook `AtVeryVeryEnd' on input line 5030.
 ) 
Here is how much of TeX's memory you used:
 14860 strings out of 493318
 229683 string characters out of 3139046
 420895 words of memory out of 3000000
 17234 multiletter control sequences out of 15000+200000
 15072 words of font info for 56 fonts, out of 3000000 for 9000
 1141 hyphenation exceptions out of 8191
 44i,19n,49p,2107b,589s stack positions out of 5000i,500n,10000p,200000b,50000s
pdfTeX warning (dest): name{Hfootnote.2} has been referenced but does not exi
st, replaced by a fixed one

pdfTeX warning (dest): name{Hfootnote.1} has been referenced but does not exist
, replaced by a fixed one

<C:/Program Files/MiKTeX 2.9/fonts/type1/public/amsfonts/cm/cmbx10.pfb><C:/Prog
ram Files/MiKTeX 2.9/fonts/type1/public/amsfonts/cm/cmbx12.pfb><C:/Program File
s/MiKTeX 2.9/fonts/type1/public/amsfonts/cm/cmcsc10.pfb><C:/Program Files/MiKTe
X 2.9/fonts/type1/public/amsfonts/cm/cmex10.pfb><C:/Program Files/MiKTeX 2.9/fo
nts/type1/public/amsfonts/cmextra/cmex7.pfb><C:/Program Files/MiKTeX 2.9/fonts/
type1/public/amsfonts/cm/cmmi10.pfb><C:/Program Files/MiKTeX 2.9/fonts/type1/pu
blic/amsfonts/cm/cmmi5.pfb><C:/Program Files/MiKTeX 2.9/fonts/type1/public/amsf
onts/cm/cmmi7.pfb><C:/Program Files/MiKTeX 2.9/fonts/type1/public/amsfonts/cm/c
mr10.pfb><C:/Program Files/MiKTeX 2.9/fonts/type1/public/amsfonts/cm/cmr12.pfb>
<C:/Program Files/MiKTeX 2.9/fonts/type1/public/amsfonts/cm/cmr5.pfb><C:/Progra
m Files/MiKTeX 2.9/fonts/type1/public/amsfonts/cm/cmr6.pfb><C:/Program Files/Mi
KTeX 2.9/fonts/type1/public/amsfonts/cm/cmr7.pfb><C:/Program Files/MiKTeX 2.9/f
onts/type1/public/amsfonts/cm/cmr8.pfb><C:/Program Files/MiKTeX 2.9/fonts/type1
/public/amsfonts/cm/cmsy10.pfb><C:/Program Files/MiKTeX 2.9/fonts/type1/public/
amsfonts/cm/cmsy5.pfb><C:/Program Files/MiKTeX 2.9/fonts/type1/public/amsfonts/
cm/cmsy7.pfb><C:/Program Files/MiKTeX 2.9/fonts/type1/public/amsfonts/cm/cmti10
.pfb><C:/Program Files/MiKTeX 2.9/fonts/type1/public/amsfonts/cm/cmti12.pfb><C:
/Program Files/MiKTeX 2.9/fonts/type1/public/amsfonts/cm/cmti7.pfb><C:/Program 
Files/MiKTeX 2.9/fonts/type1/public/amsfonts/cm/cmti8.pfb><C:/Program Files/MiK
TeX 2.9/fonts/type1/public/amsfonts/cm/cmtt10.pfb><C:/Program Files/MiKTeX 2.9/
fonts/type1/public/amsfonts/cm/cmtt12.pfb><C:/Program Files/MiKTeX 2.9/fonts/ty
pe1/public/amsfonts/symbols/msbm10.pfb>
Output written on FinalThesis.pdf (192 pages, 9503683 bytes).
PDF statistics:
 3273 PDF objects out of 3580 (max. 8388607)
 836 named destinations out of 1000 (max. 500000)
 1438 words of extra memory for PDF output out of 10000 (max. 10000000)

